Determining if the environ exist failed with the following output:
Change Dir: /home/pivos/proj/xbmc-16.1-Jarvis/tools/depends/native/cmake-native/x86_64-linux-native/CMakeFiles/CMakeTmp

Run Build Command:"/usr/bin/make" "cmTC_71f09/fast"
make[3]: Entering directory `/home/pivos/proj/xbmc-16.1-Jarvis/tools/depends/native/cmake-native/x86_64-linux-native/CMakeFiles/CMakeTmp'
make -f CMakeFiles/cmTC_71f09.dir/build.make CMakeFiles/cmTC_71f09.dir/build
make[4]: Entering directory `/home/pivos/proj/xbmc-16.1-Jarvis/tools/depends/native/cmake-native/x86_64-linux-native/CMakeFiles/CMakeTmp'
Building C object CMakeFiles/cmTC_71f09.dir/CheckSymbolExists.c.o
/usr/bin/gcc   -I/home/pivos/xbmc-depends/x86_64-linux-gnu-native/include     -o CMakeFiles/cmTC_71f09.dir/CheckSymbolExists.c.o   -c /home/pivos/proj/xbmc-16.1-Jarvis/tools/depends/native/cmake-native/x86_64-linux-native/CMakeFiles/CMakeTmp/CheckSymbolExists.c
/home/pivos/proj/xbmc-16.1-Jarvis/tools/depends/native/cmake-native/x86_64-linux-native/CMakeFiles/CMakeTmp/CheckSymbolExists.c: In function ‘main’:
/home/pivos/proj/xbmc-16.1-Jarvis/tools/depends/native/cmake-native/x86_64-linux-native/CMakeFiles/CMakeTmp/CheckSymbolExists.c:8:19: error: ‘environ’ undeclared (first use in this function)
   return ((int*)(&environ))[argc];
                   ^
/home/pivos/proj/xbmc-16.1-Jarvis/tools/depends/native/cmake-native/x86_64-linux-native/CMakeFiles/CMakeTmp/CheckSymbolExists.c:8:19: note: each undeclared identifier is reported only once for each function it appears in
make[4]: Leaving directory `/home/pivos/proj/xbmc-16.1-Jarvis/tools/depends/native/cmake-native/x86_64-linux-native/CMakeFiles/CMakeTmp'
make[4]: *** [CMakeFiles/cmTC_71f09.dir/CheckSymbolExists.c.o] Error 1
make[3]: Leaving directory `/home/pivos/proj/xbmc-16.1-Jarvis/tools/depends/native/cmake-native/x86_64-linux-native/CMakeFiles/CMakeTmp'
make[3]: *** [cmTC_71f09/fast] Error 2

File /home/pivos/proj/xbmc-16.1-Jarvis/tools/depends/native/cmake-native/x86_64-linux-native/CMakeFiles/CMakeTmp/CheckSymbolExists.c:
/* */
#include <stdlib.h>

int main(int argc, char** argv)
{
  (void)argv;
#ifndef environ
  return ((int*)(&environ))[argc];
#else
  (void)argc;
  return 0;
#endif
}

Checking for non-standard argument to stl allocator<>::max_size failed to compile with the following output:
Change Dir: /home/pivos/proj/xbmc-16.1-Jarvis/tools/depends/native/cmake-native/x86_64-linux-native/Source/kwsys/CMakeFiles/CMakeTmp

Run Build Command:"/usr/bin/make" "cmTC_94fb3/fast"
make[3]: Entering directory `/home/pivos/proj/xbmc-16.1-Jarvis/tools/depends/native/cmake-native/x86_64-linux-native/Source/kwsys/CMakeFiles/CMakeTmp'
make -f CMakeFiles/cmTC_94fb3.dir/build.make CMakeFiles/cmTC_94fb3.dir/build
make[4]: Entering directory `/home/pivos/proj/xbmc-16.1-Jarvis/tools/depends/native/cmake-native/x86_64-linux-native/Source/kwsys/CMakeFiles/CMakeTmp'
Building CXX object CMakeFiles/cmTC_94fb3.dir/kwsysPlatformTestsCXX.cxx.o
/usr/bin/g++   -DKWSYS_STL_HAVE_STD=1 -DTEST_KWSYS_STL_HAS_ALLOCATOR_MAX_SIZE_ARGUMENT -I/home/pivos/xbmc-depends/x86_64-linux-gnu-native/include     -o CMakeFiles/cmTC_94fb3.dir/kwsysPlatformTestsCXX.cxx.o -c /home/pivos/proj/xbmc-16.1-Jarvis/tools/depends/native/cmake-native/x86_64-linux-native/Source/kwsys/kwsysPlatformTestsCXX.cxx
/home/pivos/proj/xbmc-16.1-Jarvis/tools/depends/native/cmake-native/x86_64-linux-native/Source/kwsys/kwsysPlatformTestsCXX.cxx: In function ‘void f(const std::allocator<char>&)’:
/home/pivos/proj/xbmc-16.1-Jarvis/tools/depends/native/cmake-native/x86_64-linux-native/Source/kwsys/kwsysPlatformTestsCXX.cxx:256:25: error: no matching function for call to ‘std::allocator<char>::max_size(long unsigned int) const’
   a.max_size(sizeof(int));
                         ^
/home/pivos/proj/xbmc-16.1-Jarvis/tools/depends/native/cmake-native/x86_64-linux-native/Source/kwsys/kwsysPlatformTestsCXX.cxx:256:25: note: candidate is:
In file included from /usr/include/x86_64-linux-gnu/c++/4.8/bits/c++allocator.h:33:0,
                 from /usr/include/c++/4.8/bits/allocator.h:46,
                 from /usr/include/c++/4.8/memory:63,
                 from /home/pivos/proj/xbmc-16.1-Jarvis/tools/depends/native/cmake-native/x86_64-linux-native/Source/kwsys/kwsysPlatformTestsCXX.cxx:253:
/usr/include/c++/4.8/ext/new_allocator.h:113:7: note: __gnu_cxx::new_allocator<_Tp>::size_type __gnu_cxx::new_allocator<_Tp>::max_size() const [with _Tp = char; __gnu_cxx::new_allocator<_Tp>::size_type = long unsigned int]
       max_size() const _GLIBCXX_USE_NOEXCEPT
       ^
/usr/include/c++/4.8/ext/new_allocator.h:113:7: note:   candidate expects 0 arguments, 1 provided
make[4]: Leaving directory `/home/pivos/proj/xbmc-16.1-Jarvis/tools/depends/native/cmake-native/x86_64-linux-native/Source/kwsys/CMakeFiles/CMakeTmp'
make[4]: *** [CMakeFiles/cmTC_94fb3.dir/kwsysPlatformTestsCXX.cxx.o] Error 1
make[3]: Leaving directory `/home/pivos/proj/xbmc-16.1-Jarvis/tools/depends/native/cmake-native/x86_64-linux-native/Source/kwsys/CMakeFiles/CMakeTmp'
make[3]: *** [cmTC_94fb3/fast] Error 2


Checking whether "<>" is needed for template friends failed to compile with the following output:
Change Dir: /home/pivos/proj/xbmc-16.1-Jarvis/tools/depends/native/cmake-native/x86_64-linux-native/Source/kwsys/CMakeFiles/CMakeTmp

Run Build Command:"/usr/bin/make" "cmTC_defc7/fast"
make[3]: Entering directory `/home/pivos/proj/xbmc-16.1-Jarvis/tools/depends/native/cmake-native/x86_64-linux-native/Source/kwsys/CMakeFiles/CMakeTmp'
make -f CMakeFiles/cmTC_defc7.dir/build.make CMakeFiles/cmTC_defc7.dir/build
make[4]: Entering directory `/home/pivos/proj/xbmc-16.1-Jarvis/tools/depends/native/cmake-native/x86_64-linux-native/Source/kwsys/CMakeFiles/CMakeTmp'
Building CXX object CMakeFiles/cmTC_defc7.dir/kwsysPlatformTestsCXX.cxx.o
/usr/bin/g++   -DTEST_KWSYS_CXX_HAS_NULL_TEMPLATE_ARGS -I/home/pivos/xbmc-depends/x86_64-linux-gnu-native/include     -o CMakeFiles/cmTC_defc7.dir/kwsysPlatformTestsCXX.cxx.o -c /home/pivos/proj/xbmc-16.1-Jarvis/tools/depends/native/cmake-native/x86_64-linux-native/Source/kwsys/kwsysPlatformTestsCXX.cxx
/home/pivos/proj/xbmc-16.1-Jarvis/tools/depends/native/cmake-native/x86_64-linux-native/Source/kwsys/kwsysPlatformTestsCXX.cxx:141:21: warning: friend declaration ‘int f(A<T>&)’ declares a non-template function [-Wnon-template-friend]
   friend int f(A<T>&);
                     ^
/home/pivos/proj/xbmc-16.1-Jarvis/tools/depends/native/cmake-native/x86_64-linux-native/Source/kwsys/kwsysPlatformTestsCXX.cxx:141:21: note: (if this is not what you intended, make sure the function template has already been declared and add <> after the function name here) 
/home/pivos/proj/xbmc-16.1-Jarvis/tools/depends/native/cmake-native/x86_64-linux-native/Source/kwsys/kwsysPlatformTestsCXX.cxx: In instantiation of ‘int f(A<T>&) [with T = int]’:
/home/pivos/proj/xbmc-16.1-Jarvis/tools/depends/native/cmake-native/x86_64-linux-native/Source/kwsys/kwsysPlatformTestsCXX.cxx:147:23:   required from here
/home/pivos/proj/xbmc-16.1-Jarvis/tools/depends/native/cmake-native/x86_64-linux-native/Source/kwsys/kwsysPlatformTestsCXX.cxx:143:7: error: ‘int A<int>::x’ is private
   int x;
       ^
/home/pivos/proj/xbmc-16.1-Jarvis/tools/depends/native/cmake-native/x86_64-linux-native/Source/kwsys/kwsysPlatformTestsCXX.cxx:146:48: error: within this context
 template <class T> int f(A<T>& a) { return a.x = 0; }
                                                ^
make[4]: Leaving directory `/home/pivos/proj/xbmc-16.1-Jarvis/tools/depends/native/cmake-native/x86_64-linux-native/Source/kwsys/CMakeFiles/CMakeTmp'
make[4]: *** [CMakeFiles/cmTC_defc7.dir/kwsysPlatformTestsCXX.cxx.o] Error 1
make[3]: Leaving directory `/home/pivos/proj/xbmc-16.1-Jarvis/tools/depends/native/cmake-native/x86_64-linux-native/Source/kwsys/CMakeFiles/CMakeTmp'
make[3]: *** [cmTC_defc7/fast] Error 2


Checking whether C++ compiler has '__int64' failed to compile with the following output:
Change Dir: /home/pivos/proj/xbmc-16.1-Jarvis/tools/depends/native/cmake-native/x86_64-linux-native/Source/kwsys/CMakeFiles/CMakeTmp

Run Build Command:"/usr/bin/make" "cmTC_beb9a/fast"
make[3]: Entering directory `/home/pivos/proj/xbmc-16.1-Jarvis/tools/depends/native/cmake-native/x86_64-linux-native/Source/kwsys/CMakeFiles/CMakeTmp'
make -f CMakeFiles/cmTC_beb9a.dir/build.make CMakeFiles/cmTC_beb9a.dir/build
make[4]: Entering directory `/home/pivos/proj/xbmc-16.1-Jarvis/tools/depends/native/cmake-native/x86_64-linux-native/Source/kwsys/CMakeFiles/CMakeTmp'
Building CXX object CMakeFiles/cmTC_beb9a.dir/kwsysPlatformTestsCXX.cxx.o
/usr/bin/g++   -DTEST_KWSYS_CXX_HAS___INT64 -I/home/pivos/xbmc-depends/x86_64-linux-gnu-native/include     -o CMakeFiles/cmTC_beb9a.dir/kwsysPlatformTestsCXX.cxx.o -c /home/pivos/proj/xbmc-16.1-Jarvis/tools/depends/native/cmake-native/x86_64-linux-native/Source/kwsys/kwsysPlatformTestsCXX.cxx
/home/pivos/proj/xbmc-16.1-Jarvis/tools/depends/native/cmake-native/x86_64-linux-native/Source/kwsys/kwsysPlatformTestsCXX.cxx:126:1: error: ‘__int64’ does not name a type
 __int64 f(__int64 n) { return n; }
 ^
/home/pivos/proj/xbmc-16.1-Jarvis/tools/depends/native/cmake-native/x86_64-linux-native/Source/kwsys/kwsysPlatformTestsCXX.cxx: In function ‘int main()’:
/home/pivos/proj/xbmc-16.1-Jarvis/tools/depends/native/cmake-native/x86_64-linux-native/Source/kwsys/kwsysPlatformTestsCXX.cxx:129:3: error: ‘__int64’ was not declared in this scope
   __int64 n = 0;
   ^
/home/pivos/proj/xbmc-16.1-Jarvis/tools/depends/native/cmake-native/x86_64-linux-native/Source/kwsys/kwsysPlatformTestsCXX.cxx:129:11: error: expected ‘;’ before ‘n’
   __int64 n = 0;
           ^
/home/pivos/proj/xbmc-16.1-Jarvis/tools/depends/native/cmake-native/x86_64-linux-native/Source/kwsys/kwsysPlatformTestsCXX.cxx:130:29: error: ‘n’ was not declared in this scope
   return static_cast<int>(f(n));
                             ^
/home/pivos/proj/xbmc-16.1-Jarvis/tools/depends/native/cmake-native/x86_64-linux-native/Source/kwsys/kwsysPlatformTestsCXX.cxx:130:30: error: ‘f’ was not declared in this scope
   return static_cast<int>(f(n));
                              ^
make[4]: *** [CMakeFiles/cmTC_beb9a.dir/kwsysPlatformTestsCXX.cxx.o] Error 1
make[4]: Leaving directory `/home/pivos/proj/xbmc-16.1-Jarvis/tools/depends/native/cmake-native/x86_64-linux-native/Source/kwsys/CMakeFiles/CMakeTmp'
make[3]: Leaving directory `/home/pivos/proj/xbmc-16.1-Jarvis/tools/depends/native/cmake-native/x86_64-linux-native/Source/kwsys/CMakeFiles/CMakeTmp'
make[3]: *** [cmTC_beb9a/fast] Error 2


Determining size of __int64 failed with the following output:
Change Dir: /home/pivos/proj/xbmc-16.1-Jarvis/tools/depends/native/cmake-native/x86_64-linux-native/CMakeFiles/CMakeTmp

Run Build Command:"/usr/bin/make" "cmTC_d7b22/fast"
make[3]: Entering directory `/home/pivos/proj/xbmc-16.1-Jarvis/tools/depends/native/cmake-native/x86_64-linux-native/CMakeFiles/CMakeTmp'
make -f CMakeFiles/cmTC_d7b22.dir/build.make CMakeFiles/cmTC_d7b22.dir/build
make[4]: Entering directory `/home/pivos/proj/xbmc-16.1-Jarvis/tools/depends/native/cmake-native/x86_64-linux-native/CMakeFiles/CMakeTmp'
Building C object CMakeFiles/cmTC_d7b22.dir/KWSYS_SIZEOF___INT64.c.o
/usr/bin/gcc   -I/home/pivos/xbmc-depends/x86_64-linux-gnu-native/include     -o CMakeFiles/cmTC_d7b22.dir/KWSYS_SIZEOF___INT64.c.o   -c /home/pivos/proj/xbmc-16.1-Jarvis/tools/depends/native/cmake-native/x86_64-linux-native/CMakeFiles/CheckTypeSize/KWSYS_SIZEOF___INT64.c
/home/pivos/proj/xbmc-16.1-Jarvis/tools/depends/native/cmake-native/x86_64-linux-native/CMakeFiles/CheckTypeSize/KWSYS_SIZEOF___INT64.c:17:22: error: ‘__int64’ undeclared here (not in a function)
 #define SIZE (sizeof(__int64))
                      ^
/home/pivos/proj/xbmc-16.1-Jarvis/tools/depends/native/cmake-native/x86_64-linux-native/CMakeFiles/CheckTypeSize/KWSYS_SIZEOF___INT64.c:19:12: note: in expansion of macro ‘SIZE’
   ('0' + ((SIZE / 10000)%10)),
            ^
make[4]: Leaving directory `/home/pivos/proj/xbmc-16.1-Jarvis/tools/depends/native/cmake-native/x86_64-linux-native/CMakeFiles/CMakeTmp'
make[4]: *** [CMakeFiles/cmTC_d7b22.dir/KWSYS_SIZEOF___INT64.c.o] Error 1
make[3]: Leaving directory `/home/pivos/proj/xbmc-16.1-Jarvis/tools/depends/native/cmake-native/x86_64-linux-native/CMakeFiles/CMakeTmp'
make[3]: *** [cmTC_d7b22/fast] Error 2

/home/pivos/proj/xbmc-16.1-Jarvis/tools/depends/native/cmake-native/x86_64-linux-native/CMakeFiles/CheckTypeSize/KWSYS_SIZEOF___INT64.c:
#include <sys/types.h>
#include <stdint.h>
#include <stddef.h>


#undef KEY
#if defined(__i386)
# define KEY '_','_','i','3','8','6'
#elif defined(__x86_64)
# define KEY '_','_','x','8','6','_','6','4'
#elif defined(__ppc__)
# define KEY '_','_','p','p','c','_','_'
#elif defined(__ppc64__)
# define KEY '_','_','p','p','c','6','4','_','_'
#endif

#define SIZE (sizeof(__int64))
char info_size[] =  {'I', 'N', 'F', 'O', ':', 's','i','z','e','[',
  ('0' + ((SIZE / 10000)%10)),
  ('0' + ((SIZE / 1000)%10)),
  ('0' + ((SIZE / 100)%10)),
  ('0' + ((SIZE / 10)%10)),
  ('0' +  (SIZE    % 10)),
  ']',
#ifdef KEY
  ' ','k','e','y','[', KEY, ']',
#endif
  '\0'};

#ifdef __CLASSIC_C__
int main(argc, argv) int argc; char *argv[];
#else
int main(int argc, char *argv[])
#endif
{
  int require = 0;
  require += info_size[argc];
  (void)argv;
  return require;
}


Checking whether CXX compiler has environ in stdlib.h failed to compile with the following output:
Change Dir: /home/pivos/proj/xbmc-16.1-Jarvis/tools/depends/native/cmake-native/x86_64-linux-native/Source/kwsys/CMakeFiles/CMakeTmp

Run Build Command:"/usr/bin/make" "cmTC_0f33e/fast"
make[3]: Entering directory `/home/pivos/proj/xbmc-16.1-Jarvis/tools/depends/native/cmake-native/x86_64-linux-native/Source/kwsys/CMakeFiles/CMakeTmp'
make -f CMakeFiles/cmTC_0f33e.dir/build.make CMakeFiles/cmTC_0f33e.dir/build
make[4]: Entering directory `/home/pivos/proj/xbmc-16.1-Jarvis/tools/depends/native/cmake-native/x86_64-linux-native/Source/kwsys/CMakeFiles/CMakeTmp'
Building CXX object CMakeFiles/cmTC_0f33e.dir/kwsysPlatformTestsCXX.cxx.o
/usr/bin/g++   -DTEST_KWSYS_CXX_HAS_ENVIRON_IN_STDLIB_H -I/home/pivos/xbmc-depends/x86_64-linux-gnu-native/include     -o CMakeFiles/cmTC_0f33e.dir/kwsysPlatformTestsCXX.cxx.o -c /home/pivos/proj/xbmc-16.1-Jarvis/tools/depends/native/cmake-native/x86_64-linux-native/Source/kwsys/kwsysPlatformTestsCXX.cxx
/home/pivos/proj/xbmc-16.1-Jarvis/tools/depends/native/cmake-native/x86_64-linux-native/Source/kwsys/kwsysPlatformTestsCXX.cxx: In function ‘int main()’:
/home/pivos/proj/xbmc-16.1-Jarvis/tools/depends/native/cmake-native/x86_64-linux-native/Source/kwsys/kwsysPlatformTestsCXX.cxx:450:13: error: ‘environ’ was not declared in this scope
   char* e = environ[0];
             ^
make[4]: Leaving directory `/home/pivos/proj/xbmc-16.1-Jarvis/tools/depends/native/cmake-native/x86_64-linux-native/Source/kwsys/CMakeFiles/CMakeTmp'
make[4]: *** [CMakeFiles/cmTC_0f33e.dir/kwsysPlatformTestsCXX.cxx.o] Error 1
make[3]: Leaving directory `/home/pivos/proj/xbmc-16.1-Jarvis/tools/depends/native/cmake-native/x86_64-linux-native/Source/kwsys/CMakeFiles/CMakeTmp'
make[3]: *** [cmTC_0f33e/fast] Error 2


Checking whether CXX compiler has _atoi64 failed to compile with the following output:
Change Dir: /home/pivos/proj/xbmc-16.1-Jarvis/tools/depends/native/cmake-native/x86_64-linux-native/Source/kwsys/CMakeFiles/CMakeTmp

Run Build Command:"/usr/bin/make" "cmTC_4a8ee/fast"
make[3]: Entering directory `/home/pivos/proj/xbmc-16.1-Jarvis/tools/depends/native/cmake-native/x86_64-linux-native/Source/kwsys/CMakeFiles/CMakeTmp'
make -f CMakeFiles/cmTC_4a8ee.dir/build.make CMakeFiles/cmTC_4a8ee.dir/build
make[4]: Entering directory `/home/pivos/proj/xbmc-16.1-Jarvis/tools/depends/native/cmake-native/x86_64-linux-native/Source/kwsys/CMakeFiles/CMakeTmp'
Building CXX object CMakeFiles/cmTC_4a8ee.dir/kwsysPlatformTestsCXX.cxx.o
/usr/bin/g++   -DTEST_KWSYS_CXX_HAS__ATOI64 -I/home/pivos/xbmc-depends/x86_64-linux-gnu-native/include     -o CMakeFiles/cmTC_4a8ee.dir/kwsysPlatformTestsCXX.cxx.o -c /home/pivos/proj/xbmc-16.1-Jarvis/tools/depends/native/cmake-native/x86_64-linux-native/Source/kwsys/kwsysPlatformTestsCXX.cxx
/home/pivos/proj/xbmc-16.1-Jarvis/tools/depends/native/cmake-native/x86_64-linux-native/Source/kwsys/kwsysPlatformTestsCXX.cxx: In function ‘int main()’:
/home/pivos/proj/xbmc-16.1-Jarvis/tools/depends/native/cmake-native/x86_64-linux-native/Source/kwsys/kwsysPlatformTestsCXX.cxx:493:38: error: ‘_atoi64’ was not declared in this scope
   return static_cast<int>(_atoi64(str));
                                      ^
make[4]: Leaving directory `/home/pivos/proj/xbmc-16.1-Jarvis/tools/depends/native/cmake-native/x86_64-linux-native/Source/kwsys/CMakeFiles/CMakeTmp'
make[4]: *** [CMakeFiles/cmTC_4a8ee.dir/kwsysPlatformTestsCXX.cxx.o] Error 1
make[3]: Leaving directory `/home/pivos/proj/xbmc-16.1-Jarvis/tools/depends/native/cmake-native/x86_64-linux-native/Source/kwsys/CMakeFiles/CMakeTmp'
make[3]: *** [cmTC_4a8ee/fast] Error 2


Performing C SOURCE FILE Test HAVE_RESTRICT failed with the following output:
Change Dir: /home/pivos/proj/xbmc-16.1-Jarvis/tools/depends/native/cmake-native/x86_64-linux-native/CMakeFiles/CMakeTmp

Run Build Command:"/usr/bin/make" "cmTC_e7d4a/fast"
make[3]: Entering directory `/home/pivos/proj/xbmc-16.1-Jarvis/tools/depends/native/cmake-native/x86_64-linux-native/CMakeFiles/CMakeTmp'
make -f CMakeFiles/cmTC_e7d4a.dir/build.make CMakeFiles/cmTC_e7d4a.dir/build
make[4]: Entering directory `/home/pivos/proj/xbmc-16.1-Jarvis/tools/depends/native/cmake-native/x86_64-linux-native/CMakeFiles/CMakeTmp'
Building C object CMakeFiles/cmTC_e7d4a.dir/src.c.o
/usr/bin/gcc   -I/home/pivos/xbmc-depends/x86_64-linux-gnu-native/include  -DHAVE_RESTRICT   -o CMakeFiles/cmTC_e7d4a.dir/src.c.o   -c /home/pivos/proj/xbmc-16.1-Jarvis/tools/depends/native/cmake-native/x86_64-linux-native/CMakeFiles/CMakeTmp/src.c
/home/pivos/proj/xbmc-16.1-Jarvis/tools/depends/native/cmake-native/x86_64-linux-native/CMakeFiles/CMakeTmp/src.c:1:26: error: expected ‘;’, ‘,’ or ‘)’ before ‘x’
 int test (void *restrict x);
                          ^
make[4]: Leaving directory `/home/pivos/proj/xbmc-16.1-Jarvis/tools/depends/native/cmake-native/x86_64-linux-native/CMakeFiles/CMakeTmp'
make[3]: Leaving directory `/home/pivos/proj/xbmc-16.1-Jarvis/tools/depends/native/cmake-native/x86_64-linux-native/CMakeFiles/CMakeTmp'
make[4]: *** [CMakeFiles/cmTC_e7d4a.dir/src.c.o] Error 1
make[3]: *** [cmTC_e7d4a/fast] Error 2

Source file was:
int test (void *restrict x);
int main (void) {return 0;}
Determining if the system is big endian passed with the following output:
Change Dir: /home/pivos/proj/xbmc-16.1-Jarvis/tools/depends/native/cmake-native/x86_64-linux-native/CMakeFiles/CMakeTmp

Run Build Command:"/usr/bin/make" "cmTC_8a4ad/fast"
make[3]: Entering directory `/home/pivos/proj/xbmc-16.1-Jarvis/tools/depends/native/cmake-native/x86_64-linux-native/CMakeFiles/CMakeTmp'
make -f CMakeFiles/cmTC_8a4ad.dir/build.make CMakeFiles/cmTC_8a4ad.dir/build
make[4]: Entering directory `/home/pivos/proj/xbmc-16.1-Jarvis/tools/depends/native/cmake-native/x86_64-linux-native/CMakeFiles/CMakeTmp'
Building C object CMakeFiles/cmTC_8a4ad.dir/TestEndianess.c.o
/usr/bin/gcc   -I/home/pivos/xbmc-depends/x86_64-linux-gnu-native/include     -o CMakeFiles/cmTC_8a4ad.dir/TestEndianess.c.o   -c /home/pivos/proj/xbmc-16.1-Jarvis/tools/depends/native/cmake-native/x86_64-linux-native/CMakeFiles/CMakeTmp/TestEndianess.c
Linking C executable cmTC_8a4ad
/home/pivos/proj/xbmc-16.1-Jarvis/tools/depends/native/cmake-native/x86_64-linux-native/Bootstrap.cmk/cmake -E cmake_link_script CMakeFiles/cmTC_8a4ad.dir/link.txt --verbose=1
/usr/bin/gcc  -I/home/pivos/xbmc-depends/x86_64-linux-gnu-native/include     -L/home/pivos/xbmc-depends/x86_64-linux-gnu-native/lib  CMakeFiles/cmTC_8a4ad.dir/TestEndianess.c.o  -o cmTC_8a4ad -rdynamic 
make[4]: Leaving directory `/home/pivos/proj/xbmc-16.1-Jarvis/tools/depends/native/cmake-native/x86_64-linux-native/CMakeFiles/CMakeTmp'
make[3]: Leaving directory `/home/pivos/proj/xbmc-16.1-Jarvis/tools/depends/native/cmake-native/x86_64-linux-native/CMakeFiles/CMakeTmp'

TestEndianess.c:
/* A 16 bit integer is required. */
typedef unsigned short cmakeint16;

/* On a little endian machine, these 16bit ints will give "THIS IS LITTLE ENDIAN."
   On a big endian machine the characters will be exchanged pairwise. */
const cmakeint16 info_little[] =  {0x4854, 0x5349, 0x4920, 0x2053, 0x494c, 0x5454, 0x454c, 0x4520, 0x444e, 0x4149, 0x2e4e, 0x0000};

/* on a big endian machine, these 16bit ints will give "THIS IS BIG ENDIAN."
   On a little endian machine the characters will be exchanged pairwise. */
const cmakeint16 info_big[] =     {0x5448, 0x4953, 0x2049, 0x5320, 0x4249, 0x4720, 0x454e, 0x4449, 0x414e, 0x2e2e, 0x0000};

#ifdef __CLASSIC_C__
int main(argc, argv) int argc; char *argv[];
#else
int main(int argc, char *argv[])
#endif
{
  int require = 0;
  require += info_little[argc];
  require += info_big[argc];
  (void)argv;
  return require;
}


Determining size of __int64 failed with the following output:
Change Dir: /home/pivos/proj/xbmc-16.1-Jarvis/tools/depends/native/cmake-native/x86_64-linux-native/CMakeFiles/CMakeTmp

Run Build Command:"/usr/bin/make" "cmTC_8737d/fast"
make[3]: Entering directory `/home/pivos/proj/xbmc-16.1-Jarvis/tools/depends/native/cmake-native/x86_64-linux-native/CMakeFiles/CMakeTmp'
make -f CMakeFiles/cmTC_8737d.dir/build.make CMakeFiles/cmTC_8737d.dir/build
make[4]: Entering directory `/home/pivos/proj/xbmc-16.1-Jarvis/tools/depends/native/cmake-native/x86_64-linux-native/CMakeFiles/CMakeTmp'
Building C object CMakeFiles/cmTC_8737d.dir/__INT64.c.o
/usr/bin/gcc   -I/home/pivos/xbmc-depends/x86_64-linux-gnu-native/include     -o CMakeFiles/cmTC_8737d.dir/__INT64.c.o   -c /home/pivos/proj/xbmc-16.1-Jarvis/tools/depends/native/cmake-native/x86_64-linux-native/CMakeFiles/CheckTypeSize/__INT64.c
/home/pivos/proj/xbmc-16.1-Jarvis/tools/depends/native/cmake-native/x86_64-linux-native/CMakeFiles/CheckTypeSize/__INT64.c:17:22: error: ‘__int64’ undeclared here (not in a function)
 #define SIZE (sizeof(__int64))
                      ^
/home/pivos/proj/xbmc-16.1-Jarvis/tools/depends/native/cmake-native/x86_64-linux-native/CMakeFiles/CheckTypeSize/__INT64.c:19:12: note: in expansion of macro ‘SIZE’
   ('0' + ((SIZE / 10000)%10)),
            ^
make[4]: Leaving directory `/home/pivos/proj/xbmc-16.1-Jarvis/tools/depends/native/cmake-native/x86_64-linux-native/CMakeFiles/CMakeTmp'
make[3]: Leaving directory `/home/pivos/proj/xbmc-16.1-Jarvis/tools/depends/native/cmake-native/x86_64-linux-native/CMakeFiles/CMakeTmp'
make[4]: *** [CMakeFiles/cmTC_8737d.dir/__INT64.c.o] Error 1
make[3]: *** [cmTC_8737d/fast] Error 2

/home/pivos/proj/xbmc-16.1-Jarvis/tools/depends/native/cmake-native/x86_64-linux-native/CMakeFiles/CheckTypeSize/__INT64.c:
#include <sys/types.h>
#include <stdint.h>
#include <stddef.h>


#undef KEY
#if defined(__i386)
# define KEY '_','_','i','3','8','6'
#elif defined(__x86_64)
# define KEY '_','_','x','8','6','_','6','4'
#elif defined(__ppc__)
# define KEY '_','_','p','p','c','_','_'
#elif defined(__ppc64__)
# define KEY '_','_','p','p','c','6','4','_','_'
#endif

#define SIZE (sizeof(__int64))
char info_size[] =  {'I', 'N', 'F', 'O', ':', 's','i','z','e','[',
  ('0' + ((SIZE / 10000)%10)),
  ('0' + ((SIZE / 1000)%10)),
  ('0' + ((SIZE / 100)%10)),
  ('0' + ((SIZE / 10)%10)),
  ('0' +  (SIZE    % 10)),
  ']',
#ifdef KEY
  ' ','k','e','y','[', KEY, ']',
#endif
  '\0'};

#ifdef __CLASSIC_C__
int main(argc, argv) int argc; char *argv[];
#else
int main(int argc, char *argv[])
#endif
{
  int require = 0;
  require += info_size[argc];
  (void)argv;
  return require;
}


Determining size of unsigned __int64 failed with the following output:
Change Dir: /home/pivos/proj/xbmc-16.1-Jarvis/tools/depends/native/cmake-native/x86_64-linux-native/CMakeFiles/CMakeTmp

Run Build Command:"/usr/bin/make" "cmTC_dbe93/fast"
make[3]: Entering directory `/home/pivos/proj/xbmc-16.1-Jarvis/tools/depends/native/cmake-native/x86_64-linux-native/CMakeFiles/CMakeTmp'
make -f CMakeFiles/cmTC_dbe93.dir/build.make CMakeFiles/cmTC_dbe93.dir/build
make[4]: Entering directory `/home/pivos/proj/xbmc-16.1-Jarvis/tools/depends/native/cmake-native/x86_64-linux-native/CMakeFiles/CMakeTmp'
Building C object CMakeFiles/cmTC_dbe93.dir/UNSIGNED___INT64.c.o
/usr/bin/gcc   -I/home/pivos/xbmc-depends/x86_64-linux-gnu-native/include     -o CMakeFiles/cmTC_dbe93.dir/UNSIGNED___INT64.c.o   -c /home/pivos/proj/xbmc-16.1-Jarvis/tools/depends/native/cmake-native/x86_64-linux-native/CMakeFiles/CheckTypeSize/UNSIGNED___INT64.c
/home/pivos/proj/xbmc-16.1-Jarvis/tools/depends/native/cmake-native/x86_64-linux-native/CMakeFiles/CheckTypeSize/UNSIGNED___INT64.c:17:31: error: expected ‘)’ before ‘__int64’
 #define SIZE (sizeof(unsigned __int64))
                               ^
/home/pivos/proj/xbmc-16.1-Jarvis/tools/depends/native/cmake-native/x86_64-linux-native/CMakeFiles/CheckTypeSize/UNSIGNED___INT64.c:19:12: note: in expansion of macro ‘SIZE’
   ('0' + ((SIZE / 10000)%10)),
            ^
/home/pivos/proj/xbmc-16.1-Jarvis/tools/depends/native/cmake-native/x86_64-linux-native/CMakeFiles/CheckTypeSize/UNSIGNED___INT64.c:17:31: error: expected ‘)’ before ‘__int64’
 #define SIZE (sizeof(unsigned __int64))
                               ^
/home/pivos/proj/xbmc-16.1-Jarvis/tools/depends/native/cmake-native/x86_64-linux-native/CMakeFiles/CheckTypeSize/UNSIGNED___INT64.c:20:12: note: in expansion of macro ‘SIZE’
   ('0' + ((SIZE / 1000)%10)),
            ^
/home/pivos/proj/xbmc-16.1-Jarvis/tools/depends/native/cmake-native/x86_64-linux-native/CMakeFiles/CheckTypeSize/UNSIGNED___INT64.c:17:31: error: expected ‘)’ before ‘__int64’
 #define SIZE (sizeof(unsigned __int64))
                               ^
/home/pivos/proj/xbmc-16.1-Jarvis/tools/depends/native/cmake-native/x86_64-linux-native/CMakeFiles/CheckTypeSize/UNSIGNED___INT64.c:21:12: note: in expansion of macro ‘SIZE’
   ('0' + ((SIZE / 100)%10)),
            ^
/home/pivos/proj/xbmc-16.1-Jarvis/tools/depends/native/cmake-native/x86_64-linux-native/CMakeFiles/CheckTypeSize/UNSIGNED___INT64.c:17:31: error: expected ‘)’ before ‘__int64’
 #define SIZE (sizeof(unsigned __int64))
                               ^
/home/pivos/proj/xbmc-16.1-Jarvis/tools/depends/native/cmake-native/x86_64-linux-native/CMakeFiles/CheckTypeSize/UNSIGNED___INT64.c:22:12: note: in expansion of macro ‘SIZE’
   ('0' + ((SIZE / 10)%10)),
            ^
/home/pivos/proj/xbmc-16.1-Jarvis/tools/depends/native/cmake-native/x86_64-linux-native/CMakeFiles/CheckTypeSize/UNSIGNED___INT64.c:17:31: error: expected ‘)’ before ‘__int64’
 #define SIZE (sizeof(unsigned __int64))
                               ^
/home/pivos/proj/xbmc-16.1-Jarvis/tools/depends/native/cmake-native/x86_64-linux-native/CMakeFiles/CheckTypeSize/UNSIGNED___INT64.c:23:12: note: in expansion of macro ‘SIZE’
   ('0' +  (SIZE    % 10)),
            ^
make[4]: Leaving directory `/home/pivos/proj/xbmc-16.1-Jarvis/tools/depends/native/cmake-native/x86_64-linux-native/CMakeFiles/CMakeTmp'
make[4]: *** [CMakeFiles/cmTC_dbe93.dir/UNSIGNED___INT64.c.o] Error 1
make[3]: Leaving directory `/home/pivos/proj/xbmc-16.1-Jarvis/tools/depends/native/cmake-native/x86_64-linux-native/CMakeFiles/CMakeTmp'
make[3]: *** [cmTC_dbe93/fast] Error 2

/home/pivos/proj/xbmc-16.1-Jarvis/tools/depends/native/cmake-native/x86_64-linux-native/CMakeFiles/CheckTypeSize/UNSIGNED___INT64.c:
#include <sys/types.h>
#include <stdint.h>
#include <stddef.h>


#undef KEY
#if defined(__i386)
# define KEY '_','_','i','3','8','6'
#elif defined(__x86_64)
# define KEY '_','_','x','8','6','_','6','4'
#elif defined(__ppc__)
# define KEY '_','_','p','p','c','_','_'
#elif defined(__ppc64__)
# define KEY '_','_','p','p','c','6','4','_','_'
#endif

#define SIZE (sizeof(unsigned __int64))
char info_size[] =  {'I', 'N', 'F', 'O', ':', 's','i','z','e','[',
  ('0' + ((SIZE / 10000)%10)),
  ('0' + ((SIZE / 1000)%10)),
  ('0' + ((SIZE / 100)%10)),
  ('0' + ((SIZE / 10)%10)),
  ('0' +  (SIZE    % 10)),
  ']',
#ifdef KEY
  ' ','k','e','y','[', KEY, ']',
#endif
  '\0'};

#ifdef __CLASSIC_C__
int main(argc, argv) int argc; char *argv[];
#else
int main(int argc, char *argv[])
#endif
{
  int require = 0;
  require += info_size[argc];
  (void)argv;
  return require;
}


Determining if the function BZ2_bzCompressInit exists in the cmbzip2 failed with the following output:
Change Dir: /home/pivos/proj/xbmc-16.1-Jarvis/tools/depends/native/cmake-native/x86_64-linux-native/CMakeFiles/CMakeTmp

Run Build Command:"/usr/bin/make" "cmTC_7e193/fast"
make[3]: Entering directory `/home/pivos/proj/xbmc-16.1-Jarvis/tools/depends/native/cmake-native/x86_64-linux-native/CMakeFiles/CMakeTmp'
make -f CMakeFiles/cmTC_7e193.dir/build.make CMakeFiles/cmTC_7e193.dir/build
make[4]: Entering directory `/home/pivos/proj/xbmc-16.1-Jarvis/tools/depends/native/cmake-native/x86_64-linux-native/CMakeFiles/CMakeTmp'
Building C object CMakeFiles/cmTC_7e193.dir/CheckFunctionExists.c.o
/usr/bin/gcc   -I/home/pivos/xbmc-depends/x86_64-linux-gnu-native/include  -w -DCHECK_FUNCTION_EXISTS=BZ2_bzCompressInit   -o CMakeFiles/cmTC_7e193.dir/CheckFunctionExists.c.o   -c /home/pivos/proj/xbmc-16.1-Jarvis/tools/depends/native/cmake-native/x86_64-linux-native/Modules/CheckFunctionExists.c
Linking C executable cmTC_7e193
/home/pivos/proj/xbmc-16.1-Jarvis/tools/depends/native/cmake-native/x86_64-linux-native/Bootstrap.cmk/cmake -E cmake_link_script CMakeFiles/cmTC_7e193.dir/link.txt --verbose=1
/usr/bin/gcc  -I/home/pivos/xbmc-depends/x86_64-linux-gnu-native/include  -w -DCHECK_FUNCTION_EXISTS=BZ2_bzCompressInit   -L/home/pivos/xbmc-depends/x86_64-linux-gnu-native/lib  CMakeFiles/cmTC_7e193.dir/CheckFunctionExists.c.o  -o cmTC_7e193 -rdynamic -lcmbzip2 
/usr/bin/ld: cannot find -lcmbzip2
collect2: error: ld returned 1 exit status
make[4]: Leaving directory `/home/pivos/proj/xbmc-16.1-Jarvis/tools/depends/native/cmake-native/x86_64-linux-native/CMakeFiles/CMakeTmp'
make[4]: *** [cmTC_7e193] Error 1
make[3]: Leaving directory `/home/pivos/proj/xbmc-16.1-Jarvis/tools/depends/native/cmake-native/x86_64-linux-native/CMakeFiles/CMakeTmp'
make[3]: *** [cmTC_7e193/fast] Error 2


Determining if files sys/types.h;ctype.h;copyfile.h exist failed with the following output:
Change Dir: /home/pivos/proj/xbmc-16.1-Jarvis/tools/depends/native/cmake-native/x86_64-linux-native/CMakeFiles/CMakeTmp

Run Build Command:"/usr/bin/make" "cmTC_3a210/fast"
make[3]: Entering directory `/home/pivos/proj/xbmc-16.1-Jarvis/tools/depends/native/cmake-native/x86_64-linux-native/CMakeFiles/CMakeTmp'
make -f CMakeFiles/cmTC_3a210.dir/build.make CMakeFiles/cmTC_3a210.dir/build
make[4]: Entering directory `/home/pivos/proj/xbmc-16.1-Jarvis/tools/depends/native/cmake-native/x86_64-linux-native/CMakeFiles/CMakeTmp'
Building C object CMakeFiles/cmTC_3a210.dir/CheckIncludeFiles.c.o
/usr/bin/gcc   -I/home/pivos/xbmc-depends/x86_64-linux-gnu-native/include  -w    -o CMakeFiles/cmTC_3a210.dir/CheckIncludeFiles.c.o   -c /home/pivos/proj/xbmc-16.1-Jarvis/tools/depends/native/cmake-native/x86_64-linux-native/CMakeFiles/CMakeTmp/CheckIncludeFiles.c
/home/pivos/proj/xbmc-16.1-Jarvis/tools/depends/native/cmake-native/x86_64-linux-native/CMakeFiles/CMakeTmp/CheckIncludeFiles.c:4:22: fatal error: copyfile.h: No such file or directory
 #include <copyfile.h>
                      ^
compilation terminated.
make[4]: Leaving directory `/home/pivos/proj/xbmc-16.1-Jarvis/tools/depends/native/cmake-native/x86_64-linux-native/CMakeFiles/CMakeTmp'
make[4]: *** [CMakeFiles/cmTC_3a210.dir/CheckIncludeFiles.c.o] Error 1
make[3]: Leaving directory `/home/pivos/proj/xbmc-16.1-Jarvis/tools/depends/native/cmake-native/x86_64-linux-native/CMakeFiles/CMakeTmp'
make[3]: *** [cmTC_3a210/fast] Error 2

Source:
/* */
#include <sys/types.h>
#include <ctype.h>
#include <copyfile.h>


int main(void){return 0;}

Determining if files sys/types.h;ctype.h;direct.h exist failed with the following output:
Change Dir: /home/pivos/proj/xbmc-16.1-Jarvis/tools/depends/native/cmake-native/x86_64-linux-native/CMakeFiles/CMakeTmp

Run Build Command:"/usr/bin/make" "cmTC_1bb12/fast"
make[3]: Entering directory `/home/pivos/proj/xbmc-16.1-Jarvis/tools/depends/native/cmake-native/x86_64-linux-native/CMakeFiles/CMakeTmp'
make -f CMakeFiles/cmTC_1bb12.dir/build.make CMakeFiles/cmTC_1bb12.dir/build
make[4]: Entering directory `/home/pivos/proj/xbmc-16.1-Jarvis/tools/depends/native/cmake-native/x86_64-linux-native/CMakeFiles/CMakeTmp'
Building C object CMakeFiles/cmTC_1bb12.dir/CheckIncludeFiles.c.o
/usr/bin/gcc   -I/home/pivos/xbmc-depends/x86_64-linux-gnu-native/include  -w    -o CMakeFiles/cmTC_1bb12.dir/CheckIncludeFiles.c.o   -c /home/pivos/proj/xbmc-16.1-Jarvis/tools/depends/native/cmake-native/x86_64-linux-native/CMakeFiles/CMakeTmp/CheckIncludeFiles.c
/home/pivos/proj/xbmc-16.1-Jarvis/tools/depends/native/cmake-native/x86_64-linux-native/CMakeFiles/CMakeTmp/CheckIncludeFiles.c:4:20: fatal error: direct.h: No such file or directory
 #include <direct.h>
                    ^
compilation terminated.
make[4]: Leaving directory `/home/pivos/proj/xbmc-16.1-Jarvis/tools/depends/native/cmake-native/x86_64-linux-native/CMakeFiles/CMakeTmp'
make[4]: *** [CMakeFiles/cmTC_1bb12.dir/CheckIncludeFiles.c.o] Error 1
make[3]: Leaving directory `/home/pivos/proj/xbmc-16.1-Jarvis/tools/depends/native/cmake-native/x86_64-linux-native/CMakeFiles/CMakeTmp'
make[3]: *** [cmTC_1bb12/fast] Error 2

Source:
/* */
#include <sys/types.h>
#include <ctype.h>
#include <direct.h>


int main(void){return 0;}

Determining if files sys/types.h;ctype.h;dlfcn.h;errno.h;ext2fs/ext2_fs.h exist failed with the following output:
Change Dir: /home/pivos/proj/xbmc-16.1-Jarvis/tools/depends/native/cmake-native/x86_64-linux-native/CMakeFiles/CMakeTmp

Run Build Command:"/usr/bin/make" "cmTC_9ed58/fast"
make[3]: Entering directory `/home/pivos/proj/xbmc-16.1-Jarvis/tools/depends/native/cmake-native/x86_64-linux-native/CMakeFiles/CMakeTmp'
make -f CMakeFiles/cmTC_9ed58.dir/build.make CMakeFiles/cmTC_9ed58.dir/build
make[4]: Entering directory `/home/pivos/proj/xbmc-16.1-Jarvis/tools/depends/native/cmake-native/x86_64-linux-native/CMakeFiles/CMakeTmp'
Building C object CMakeFiles/cmTC_9ed58.dir/CheckIncludeFiles.c.o
/usr/bin/gcc   -I/home/pivos/xbmc-depends/x86_64-linux-gnu-native/include  -w    -o CMakeFiles/cmTC_9ed58.dir/CheckIncludeFiles.c.o   -c /home/pivos/proj/xbmc-16.1-Jarvis/tools/depends/native/cmake-native/x86_64-linux-native/CMakeFiles/CMakeTmp/CheckIncludeFiles.c
/home/pivos/proj/xbmc-16.1-Jarvis/tools/depends/native/cmake-native/x86_64-linux-native/CMakeFiles/CMakeTmp/CheckIncludeFiles.c:6:28: fatal error: ext2fs/ext2_fs.h: No such file or directory
 #include <ext2fs/ext2_fs.h>
                            ^
compilation terminated.
make[4]: Leaving directory `/home/pivos/proj/xbmc-16.1-Jarvis/tools/depends/native/cmake-native/x86_64-linux-native/CMakeFiles/CMakeTmp'
make[4]: *** [CMakeFiles/cmTC_9ed58.dir/CheckIncludeFiles.c.o] Error 1
make[3]: Leaving directory `/home/pivos/proj/xbmc-16.1-Jarvis/tools/depends/native/cmake-native/x86_64-linux-native/CMakeFiles/CMakeTmp'
make[3]: *** [cmTC_9ed58/fast] Error 2

Source:
/* */
#include <sys/types.h>
#include <ctype.h>
#include <dlfcn.h>
#include <errno.h>
#include <ext2fs/ext2_fs.h>


int main(void){return 0;}

Performing C SOURCE FILE Test HAVE_WORKING_EXT2_IOC_GETFLAGS failed with the following output:
Change Dir: /home/pivos/proj/xbmc-16.1-Jarvis/tools/depends/native/cmake-native/x86_64-linux-native/CMakeFiles/CMakeTmp

Run Build Command:"/usr/bin/make" "cmTC_3eeab/fast"
make[3]: Entering directory `/home/pivos/proj/xbmc-16.1-Jarvis/tools/depends/native/cmake-native/x86_64-linux-native/CMakeFiles/CMakeTmp'
make -f CMakeFiles/cmTC_3eeab.dir/build.make CMakeFiles/cmTC_3eeab.dir/build
make[4]: Entering directory `/home/pivos/proj/xbmc-16.1-Jarvis/tools/depends/native/cmake-native/x86_64-linux-native/CMakeFiles/CMakeTmp'
Building C object CMakeFiles/cmTC_3eeab.dir/src.c.o
/usr/bin/gcc   -I/home/pivos/xbmc-depends/x86_64-linux-gnu-native/include  -w -DHAVE_WORKING_EXT2_IOC_GETFLAGS   -o CMakeFiles/cmTC_3eeab.dir/src.c.o   -c /home/pivos/proj/xbmc-16.1-Jarvis/tools/depends/native/cmake-native/x86_64-linux-native/CMakeFiles/CMakeTmp/src.c
/home/pivos/proj/xbmc-16.1-Jarvis/tools/depends/native/cmake-native/x86_64-linux-native/CMakeFiles/CMakeTmp/src.c:2:28: fatal error: ext2fs/ext2_fs.h: No such file or directory
 #include <ext2fs/ext2_fs.h>
                            ^
compilation terminated.
make[4]: Leaving directory `/home/pivos/proj/xbmc-16.1-Jarvis/tools/depends/native/cmake-native/x86_64-linux-native/CMakeFiles/CMakeTmp'
make[4]: *** [CMakeFiles/cmTC_3eeab.dir/src.c.o] Error 1
make[3]: Leaving directory `/home/pivos/proj/xbmc-16.1-Jarvis/tools/depends/native/cmake-native/x86_64-linux-native/CMakeFiles/CMakeTmp'
make[3]: *** [cmTC_3eeab/fast] Error 2

Source file was:
#include <sys/ioctl.h>
#include <ext2fs/ext2_fs.h>
int main(void) { return EXT2_IOC_GETFLAGS; }
Determining if files sys/types.h;ctype.h;dlfcn.h;errno.h;fcntl.h;grp.h;inttypes.h;io.h exist failed with the following output:
Change Dir: /home/pivos/proj/xbmc-16.1-Jarvis/tools/depends/native/cmake-native/x86_64-linux-native/CMakeFiles/CMakeTmp

Run Build Command:"/usr/bin/make" "cmTC_24149/fast"
make[3]: Entering directory `/home/pivos/proj/xbmc-16.1-Jarvis/tools/depends/native/cmake-native/x86_64-linux-native/CMakeFiles/CMakeTmp'
make -f CMakeFiles/cmTC_24149.dir/build.make CMakeFiles/cmTC_24149.dir/build
make[4]: Entering directory `/home/pivos/proj/xbmc-16.1-Jarvis/tools/depends/native/cmake-native/x86_64-linux-native/CMakeFiles/CMakeTmp'
Building C object CMakeFiles/cmTC_24149.dir/CheckIncludeFiles.c.o
/usr/bin/gcc   -I/home/pivos/xbmc-depends/x86_64-linux-gnu-native/include  -w    -o CMakeFiles/cmTC_24149.dir/CheckIncludeFiles.c.o   -c /home/pivos/proj/xbmc-16.1-Jarvis/tools/depends/native/cmake-native/x86_64-linux-native/CMakeFiles/CMakeTmp/CheckIncludeFiles.c
/home/pivos/proj/xbmc-16.1-Jarvis/tools/depends/native/cmake-native/x86_64-linux-native/CMakeFiles/CMakeTmp/CheckIncludeFiles.c:9:16: fatal error: io.h: No such file or directory
 #include <io.h>
                ^
compilation terminated.
make[4]: Leaving directory `/home/pivos/proj/xbmc-16.1-Jarvis/tools/depends/native/cmake-native/x86_64-linux-native/CMakeFiles/CMakeTmp'
make[4]: *** [CMakeFiles/cmTC_24149.dir/CheckIncludeFiles.c.o] Error 1
make[3]: Leaving directory `/home/pivos/proj/xbmc-16.1-Jarvis/tools/depends/native/cmake-native/x86_64-linux-native/CMakeFiles/CMakeTmp'
make[3]: *** [cmTC_24149/fast] Error 2

Source:
/* */
#include <sys/types.h>
#include <ctype.h>
#include <dlfcn.h>
#include <errno.h>
#include <fcntl.h>
#include <grp.h>
#include <inttypes.h>
#include <io.h>


int main(void){return 0;}

Determining if files sys/types.h;ctype.h;dlfcn.h;errno.h;fcntl.h;grp.h;inttypes.h;langinfo.h;limits.h;linux/types.h;linux/fiemap.h;linux/fs.h;linux/magic.h;locale.h;memory.h;paths.h;poll.h;process.h exist failed with the following output:
Change Dir: /home/pivos/proj/xbmc-16.1-Jarvis/tools/depends/native/cmake-native/x86_64-linux-native/CMakeFiles/CMakeTmp

Run Build Command:"/usr/bin/make" "cmTC_ab261/fast"
make[3]: Entering directory `/home/pivos/proj/xbmc-16.1-Jarvis/tools/depends/native/cmake-native/x86_64-linux-native/CMakeFiles/CMakeTmp'
make -f CMakeFiles/cmTC_ab261.dir/build.make CMakeFiles/cmTC_ab261.dir/build
make[4]: Entering directory `/home/pivos/proj/xbmc-16.1-Jarvis/tools/depends/native/cmake-native/x86_64-linux-native/CMakeFiles/CMakeTmp'
Building C object CMakeFiles/cmTC_ab261.dir/CheckIncludeFiles.c.o
/usr/bin/gcc   -I/home/pivos/xbmc-depends/x86_64-linux-gnu-native/include  -w    -o CMakeFiles/cmTC_ab261.dir/CheckIncludeFiles.c.o   -c /home/pivos/proj/xbmc-16.1-Jarvis/tools/depends/native/cmake-native/x86_64-linux-native/CMakeFiles/CMakeTmp/CheckIncludeFiles.c
/home/pivos/proj/xbmc-16.1-Jarvis/tools/depends/native/cmake-native/x86_64-linux-native/CMakeFiles/CMakeTmp/CheckIncludeFiles.c:19:21: fatal error: process.h: No such file or directory
 #include <process.h>
                     ^
compilation terminated.
make[4]: Leaving directory `/home/pivos/proj/xbmc-16.1-Jarvis/tools/depends/native/cmake-native/x86_64-linux-native/CMakeFiles/CMakeTmp'
make[4]: *** [CMakeFiles/cmTC_ab261.dir/CheckIncludeFiles.c.o] Error 1
make[3]: Leaving directory `/home/pivos/proj/xbmc-16.1-Jarvis/tools/depends/native/cmake-native/x86_64-linux-native/CMakeFiles/CMakeTmp'
make[3]: *** [cmTC_ab261/fast] Error 2

Source:
/* */
#include <sys/types.h>
#include <ctype.h>
#include <dlfcn.h>
#include <errno.h>
#include <fcntl.h>
#include <grp.h>
#include <inttypes.h>
#include <langinfo.h>
#include <limits.h>
#include <linux/types.h>
#include <linux/fiemap.h>
#include <linux/fs.h>
#include <linux/magic.h>
#include <locale.h>
#include <memory.h>
#include <paths.h>
#include <poll.h>
#include <process.h>


int main(void){return 0;}

Determining if files sys/types.h;ctype.h;dlfcn.h;errno.h;fcntl.h;grp.h;inttypes.h;langinfo.h;limits.h;linux/types.h;linux/fiemap.h;linux/fs.h;linux/magic.h;locale.h;memory.h;paths.h;poll.h;pwd.h;regex.h;signal.h;spawn.h;stdarg.h;stdint.h;stdlib.h;string.h;strings.h;sys/acl.h exist failed with the following output:
Change Dir: /home/pivos/proj/xbmc-16.1-Jarvis/tools/depends/native/cmake-native/x86_64-linux-native/CMakeFiles/CMakeTmp

Run Build Command:"/usr/bin/make" "cmTC_ad1d3/fast"
make[3]: Entering directory `/home/pivos/proj/xbmc-16.1-Jarvis/tools/depends/native/cmake-native/x86_64-linux-native/CMakeFiles/CMakeTmp'
make -f CMakeFiles/cmTC_ad1d3.dir/build.make CMakeFiles/cmTC_ad1d3.dir/build
make[4]: Entering directory `/home/pivos/proj/xbmc-16.1-Jarvis/tools/depends/native/cmake-native/x86_64-linux-native/CMakeFiles/CMakeTmp'
Building C object CMakeFiles/cmTC_ad1d3.dir/CheckIncludeFiles.c.o
/usr/bin/gcc   -I/home/pivos/xbmc-depends/x86_64-linux-gnu-native/include  -w    -o CMakeFiles/cmTC_ad1d3.dir/CheckIncludeFiles.c.o   -c /home/pivos/proj/xbmc-16.1-Jarvis/tools/depends/native/cmake-native/x86_64-linux-native/CMakeFiles/CMakeTmp/CheckIncludeFiles.c
/home/pivos/proj/xbmc-16.1-Jarvis/tools/depends/native/cmake-native/x86_64-linux-native/CMakeFiles/CMakeTmp/CheckIncludeFiles.c:28:21: fatal error: sys/acl.h: No such file or directory
 #include <sys/acl.h>
                     ^
compilation terminated.
make[4]: Leaving directory `/home/pivos/proj/xbmc-16.1-Jarvis/tools/depends/native/cmake-native/x86_64-linux-native/CMakeFiles/CMakeTmp'
make[3]: Leaving directory `/home/pivos/proj/xbmc-16.1-Jarvis/tools/depends/native/cmake-native/x86_64-linux-native/CMakeFiles/CMakeTmp'
make[4]: *** [CMakeFiles/cmTC_ad1d3.dir/CheckIncludeFiles.c.o] Error 1
make[3]: *** [cmTC_ad1d3/fast] Error 2

Source:
/* */
#include <sys/types.h>
#include <ctype.h>
#include <dlfcn.h>
#include <errno.h>
#include <fcntl.h>
#include <grp.h>
#include <inttypes.h>
#include <langinfo.h>
#include <limits.h>
#include <linux/types.h>
#include <linux/fiemap.h>
#include <linux/fs.h>
#include <linux/magic.h>
#include <locale.h>
#include <memory.h>
#include <paths.h>
#include <poll.h>
#include <pwd.h>
#include <regex.h>
#include <signal.h>
#include <spawn.h>
#include <stdarg.h>
#include <stdint.h>
#include <stdlib.h>
#include <string.h>
#include <strings.h>
#include <sys/acl.h>


int main(void){return 0;}

Determining if files sys/types.h;ctype.h;dlfcn.h;errno.h;fcntl.h;grp.h;inttypes.h;langinfo.h;limits.h;linux/types.h;linux/fiemap.h;linux/fs.h;linux/magic.h;locale.h;memory.h;paths.h;poll.h;pwd.h;regex.h;signal.h;spawn.h;stdarg.h;stdint.h;stdlib.h;string.h;strings.h;sys/cdefs.h;sys/ioctl.h;sys/mkdev.h exist failed with the following output:
Change Dir: /home/pivos/proj/xbmc-16.1-Jarvis/tools/depends/native/cmake-native/x86_64-linux-native/CMakeFiles/CMakeTmp

Run Build Command:"/usr/bin/make" "cmTC_9f04a/fast"
make[3]: Entering directory `/home/pivos/proj/xbmc-16.1-Jarvis/tools/depends/native/cmake-native/x86_64-linux-native/CMakeFiles/CMakeTmp'
make -f CMakeFiles/cmTC_9f04a.dir/build.make CMakeFiles/cmTC_9f04a.dir/build
make[4]: Entering directory `/home/pivos/proj/xbmc-16.1-Jarvis/tools/depends/native/cmake-native/x86_64-linux-native/CMakeFiles/CMakeTmp'
Building C object CMakeFiles/cmTC_9f04a.dir/CheckIncludeFiles.c.o
/usr/bin/gcc   -I/home/pivos/xbmc-depends/x86_64-linux-gnu-native/include  -w    -o CMakeFiles/cmTC_9f04a.dir/CheckIncludeFiles.c.o   -c /home/pivos/proj/xbmc-16.1-Jarvis/tools/depends/native/cmake-native/x86_64-linux-native/CMakeFiles/CMakeTmp/CheckIncludeFiles.c
/home/pivos/proj/xbmc-16.1-Jarvis/tools/depends/native/cmake-native/x86_64-linux-native/CMakeFiles/CMakeTmp/CheckIncludeFiles.c:30:23: fatal error: sys/mkdev.h: No such file or directory
 #include <sys/mkdev.h>
                       ^
compilation terminated.
make[4]: Leaving directory `/home/pivos/proj/xbmc-16.1-Jarvis/tools/depends/native/cmake-native/x86_64-linux-native/CMakeFiles/CMakeTmp'
make[3]: Leaving directory `/home/pivos/proj/xbmc-16.1-Jarvis/tools/depends/native/cmake-native/x86_64-linux-native/CMakeFiles/CMakeTmp'
make[4]: *** [CMakeFiles/cmTC_9f04a.dir/CheckIncludeFiles.c.o] Error 1
make[3]: *** [cmTC_9f04a/fast] Error 2

Source:
/* */
#include <sys/types.h>
#include <ctype.h>
#include <dlfcn.h>
#include <errno.h>
#include <fcntl.h>
#include <grp.h>
#include <inttypes.h>
#include <langinfo.h>
#include <limits.h>
#include <linux/types.h>
#include <linux/fiemap.h>
#include <linux/fs.h>
#include <linux/magic.h>
#include <locale.h>
#include <memory.h>
#include <paths.h>
#include <poll.h>
#include <pwd.h>
#include <regex.h>
#include <signal.h>
#include <spawn.h>
#include <stdarg.h>
#include <stdint.h>
#include <stdlib.h>
#include <string.h>
#include <strings.h>
#include <sys/cdefs.h>
#include <sys/ioctl.h>
#include <sys/mkdev.h>


int main(void){return 0;}

Determining if files sys/types.h;ctype.h;dlfcn.h;errno.h;fcntl.h;grp.h;inttypes.h;langinfo.h;limits.h;linux/types.h;linux/fiemap.h;linux/fs.h;linux/magic.h;locale.h;memory.h;paths.h;poll.h;pwd.h;regex.h;signal.h;spawn.h;stdarg.h;stdint.h;stdlib.h;string.h;strings.h;sys/cdefs.h;sys/ioctl.h;sys/mount.h exist failed with the following output:
Change Dir: /home/pivos/proj/xbmc-16.1-Jarvis/tools/depends/native/cmake-native/x86_64-linux-native/CMakeFiles/CMakeTmp

Run Build Command:"/usr/bin/make" "cmTC_cb7e6/fast"
make[3]: Entering directory `/home/pivos/proj/xbmc-16.1-Jarvis/tools/depends/native/cmake-native/x86_64-linux-native/CMakeFiles/CMakeTmp'
make -f CMakeFiles/cmTC_cb7e6.dir/build.make CMakeFiles/cmTC_cb7e6.dir/build
make[4]: Entering directory `/home/pivos/proj/xbmc-16.1-Jarvis/tools/depends/native/cmake-native/x86_64-linux-native/CMakeFiles/CMakeTmp'
Building C object CMakeFiles/cmTC_cb7e6.dir/CheckIncludeFiles.c.o
/usr/bin/gcc   -I/home/pivos/xbmc-depends/x86_64-linux-gnu-native/include  -w    -o CMakeFiles/cmTC_cb7e6.dir/CheckIncludeFiles.c.o   -c /home/pivos/proj/xbmc-16.1-Jarvis/tools/depends/native/cmake-native/x86_64-linux-native/CMakeFiles/CMakeTmp/CheckIncludeFiles.c
In file included from /home/pivos/proj/xbmc-16.1-Jarvis/tools/depends/native/cmake-native/x86_64-linux-native/CMakeFiles/CMakeTmp/CheckIncludeFiles.c:13:0:
/usr/include/x86_64-linux-gnu/sys/mount.h:35:3: error: expected identifier before numeric constant
   MS_RDONLY = 1,  /* Mount read-only.  */
   ^
make[4]: Leaving directory `/home/pivos/proj/xbmc-16.1-Jarvis/tools/depends/native/cmake-native/x86_64-linux-native/CMakeFiles/CMakeTmp'
make[3]: Leaving directory `/home/pivos/proj/xbmc-16.1-Jarvis/tools/depends/native/cmake-native/x86_64-linux-native/CMakeFiles/CMakeTmp'
make[4]: *** [CMakeFiles/cmTC_cb7e6.dir/CheckIncludeFiles.c.o] Error 1
make[3]: *** [cmTC_cb7e6/fast] Error 2

Source:
/* */
#include <sys/types.h>
#include <ctype.h>
#include <dlfcn.h>
#include <errno.h>
#include <fcntl.h>
#include <grp.h>
#include <inttypes.h>
#include <langinfo.h>
#include <limits.h>
#include <linux/types.h>
#include <linux/fiemap.h>
#include <linux/fs.h>
#include <linux/magic.h>
#include <locale.h>
#include <memory.h>
#include <paths.h>
#include <poll.h>
#include <pwd.h>
#include <regex.h>
#include <signal.h>
#include <spawn.h>
#include <stdarg.h>
#include <stdint.h>
#include <stdlib.h>
#include <string.h>
#include <strings.h>
#include <sys/cdefs.h>
#include <sys/ioctl.h>
#include <sys/mount.h>


int main(void){return 0;}

Determining if files sys/types.h;ctype.h;dlfcn.h;errno.h;fcntl.h;grp.h;inttypes.h;langinfo.h;limits.h;linux/types.h;linux/fiemap.h;linux/fs.h;linux/magic.h;locale.h;memory.h;paths.h;poll.h;pwd.h;regex.h;signal.h;spawn.h;stdarg.h;stdint.h;stdlib.h;string.h;strings.h;sys/cdefs.h;sys/ioctl.h;sys/param.h;sys/poll.h;sys/select.h;sys/stat.h;sys/statfs.h;sys/statvfs.h;sys/time.h;sys/utime.h exist failed with the following output:
Change Dir: /home/pivos/proj/xbmc-16.1-Jarvis/tools/depends/native/cmake-native/x86_64-linux-native/CMakeFiles/CMakeTmp

Run Build Command:"/usr/bin/make" "cmTC_106e3/fast"
make[3]: Entering directory `/home/pivos/proj/xbmc-16.1-Jarvis/tools/depends/native/cmake-native/x86_64-linux-native/CMakeFiles/CMakeTmp'
make -f CMakeFiles/cmTC_106e3.dir/build.make CMakeFiles/cmTC_106e3.dir/build
make[4]: Entering directory `/home/pivos/proj/xbmc-16.1-Jarvis/tools/depends/native/cmake-native/x86_64-linux-native/CMakeFiles/CMakeTmp'
Building C object CMakeFiles/cmTC_106e3.dir/CheckIncludeFiles.c.o
/usr/bin/gcc   -I/home/pivos/xbmc-depends/x86_64-linux-gnu-native/include  -w    -o CMakeFiles/cmTC_106e3.dir/CheckIncludeFiles.c.o   -c /home/pivos/proj/xbmc-16.1-Jarvis/tools/depends/native/cmake-native/x86_64-linux-native/CMakeFiles/CMakeTmp/CheckIncludeFiles.c
/home/pivos/proj/xbmc-16.1-Jarvis/tools/depends/native/cmake-native/x86_64-linux-native/CMakeFiles/CMakeTmp/CheckIncludeFiles.c:37:23: fatal error: sys/utime.h: No such file or directory
 #include <sys/utime.h>
                       ^
compilation terminated.
make[4]: Leaving directory `/home/pivos/proj/xbmc-16.1-Jarvis/tools/depends/native/cmake-native/x86_64-linux-native/CMakeFiles/CMakeTmp'
make[4]: *** [CMakeFiles/cmTC_106e3.dir/CheckIncludeFiles.c.o] Error 1
make[3]: Leaving directory `/home/pivos/proj/xbmc-16.1-Jarvis/tools/depends/native/cmake-native/x86_64-linux-native/CMakeFiles/CMakeTmp'
make[3]: *** [cmTC_106e3/fast] Error 2

Source:
/* */
#include <sys/types.h>
#include <ctype.h>
#include <dlfcn.h>
#include <errno.h>
#include <fcntl.h>
#include <grp.h>
#include <inttypes.h>
#include <langinfo.h>
#include <limits.h>
#include <linux/types.h>
#include <linux/fiemap.h>
#include <linux/fs.h>
#include <linux/magic.h>
#include <locale.h>
#include <memory.h>
#include <paths.h>
#include <poll.h>
#include <pwd.h>
#include <regex.h>
#include <signal.h>
#include <spawn.h>
#include <stdarg.h>
#include <stdint.h>
#include <stdlib.h>
#include <string.h>
#include <strings.h>
#include <sys/cdefs.h>
#include <sys/ioctl.h>
#include <sys/param.h>
#include <sys/poll.h>
#include <sys/select.h>
#include <sys/stat.h>
#include <sys/statfs.h>
#include <sys/statvfs.h>
#include <sys/time.h>
#include <sys/utime.h>


int main(void){return 0;}

Determining if files sys/types.h;ctype.h;dlfcn.h;errno.h;fcntl.h;grp.h;inttypes.h;langinfo.h;limits.h;linux/types.h;linux/fiemap.h;linux/fs.h;linux/magic.h;locale.h;memory.h;paths.h;poll.h;pwd.h;regex.h;signal.h;spawn.h;stdarg.h;stdint.h;stdlib.h;string.h;strings.h;sys/cdefs.h;sys/ioctl.h;sys/param.h;sys/poll.h;sys/select.h;sys/stat.h;sys/statfs.h;sys/statvfs.h;sys/time.h;sys/utsname.h;sys/vfs.h;sys/wait.h;time.h;unistd.h;utime.h;wchar.h;wctype.h;windows.h exist failed with the following output:
Change Dir: /home/pivos/proj/xbmc-16.1-Jarvis/tools/depends/native/cmake-native/x86_64-linux-native/CMakeFiles/CMakeTmp

Run Build Command:"/usr/bin/make" "cmTC_3416e/fast"
make[3]: Entering directory `/home/pivos/proj/xbmc-16.1-Jarvis/tools/depends/native/cmake-native/x86_64-linux-native/CMakeFiles/CMakeTmp'
make -f CMakeFiles/cmTC_3416e.dir/build.make CMakeFiles/cmTC_3416e.dir/build
make[4]: Entering directory `/home/pivos/proj/xbmc-16.1-Jarvis/tools/depends/native/cmake-native/x86_64-linux-native/CMakeFiles/CMakeTmp'
Building C object CMakeFiles/cmTC_3416e.dir/CheckIncludeFiles.c.o
/usr/bin/gcc   -I/home/pivos/xbmc-depends/x86_64-linux-gnu-native/include  -w    -o CMakeFiles/cmTC_3416e.dir/CheckIncludeFiles.c.o   -c /home/pivos/proj/xbmc-16.1-Jarvis/tools/depends/native/cmake-native/x86_64-linux-native/CMakeFiles/CMakeTmp/CheckIncludeFiles.c
/home/pivos/proj/xbmc-16.1-Jarvis/tools/depends/native/cmake-native/x86_64-linux-native/CMakeFiles/CMakeTmp/CheckIncludeFiles.c:45:21: fatal error: windows.h: No such file or directory
 #include <windows.h>
                     ^
compilation terminated.
make[4]: Leaving directory `/home/pivos/proj/xbmc-16.1-Jarvis/tools/depends/native/cmake-native/x86_64-linux-native/CMakeFiles/CMakeTmp'
make[3]: Leaving directory `/home/pivos/proj/xbmc-16.1-Jarvis/tools/depends/native/cmake-native/x86_64-linux-native/CMakeFiles/CMakeTmp'
make[4]: *** [CMakeFiles/cmTC_3416e.dir/CheckIncludeFiles.c.o] Error 1
make[3]: *** [cmTC_3416e/fast] Error 2

Source:
/* */
#include <sys/types.h>
#include <ctype.h>
#include <dlfcn.h>
#include <errno.h>
#include <fcntl.h>
#include <grp.h>
#include <inttypes.h>
#include <langinfo.h>
#include <limits.h>
#include <linux/types.h>
#include <linux/fiemap.h>
#include <linux/fs.h>
#include <linux/magic.h>
#include <locale.h>
#include <memory.h>
#include <paths.h>
#include <poll.h>
#include <pwd.h>
#include <regex.h>
#include <signal.h>
#include <spawn.h>
#include <stdarg.h>
#include <stdint.h>
#include <stdlib.h>
#include <string.h>
#include <strings.h>
#include <sys/cdefs.h>
#include <sys/ioctl.h>
#include <sys/param.h>
#include <sys/poll.h>
#include <sys/select.h>
#include <sys/stat.h>
#include <sys/statfs.h>
#include <sys/statvfs.h>
#include <sys/time.h>
#include <sys/utsname.h>
#include <sys/vfs.h>
#include <sys/wait.h>
#include <time.h>
#include <unistd.h>
#include <utime.h>
#include <wchar.h>
#include <wctype.h>
#include <windows.h>


int main(void){return 0;}

Determining if files sys/types.h;ctype.h;dlfcn.h;errno.h;fcntl.h;grp.h;inttypes.h;langinfo.h;limits.h;linux/types.h;linux/fiemap.h;linux/fs.h;linux/magic.h;locale.h;memory.h;paths.h;poll.h;pwd.h;regex.h;signal.h;spawn.h;stdarg.h;stdint.h;stdlib.h;string.h;strings.h;sys/cdefs.h;sys/ioctl.h;sys/param.h;sys/poll.h;sys/select.h;sys/stat.h;sys/statfs.h;sys/statvfs.h;sys/time.h;sys/utsname.h;sys/vfs.h;sys/wait.h;time.h;unistd.h;utime.h;wchar.h;wctype.h;wincrypt.h exist failed with the following output:
Change Dir: /home/pivos/proj/xbmc-16.1-Jarvis/tools/depends/native/cmake-native/x86_64-linux-native/CMakeFiles/CMakeTmp

Run Build Command:"/usr/bin/make" "cmTC_7144a/fast"
make[3]: Entering directory `/home/pivos/proj/xbmc-16.1-Jarvis/tools/depends/native/cmake-native/x86_64-linux-native/CMakeFiles/CMakeTmp'
make -f CMakeFiles/cmTC_7144a.dir/build.make CMakeFiles/cmTC_7144a.dir/build
make[4]: Entering directory `/home/pivos/proj/xbmc-16.1-Jarvis/tools/depends/native/cmake-native/x86_64-linux-native/CMakeFiles/CMakeTmp'
Building C object CMakeFiles/cmTC_7144a.dir/CheckIncludeFiles.c.o
/usr/bin/gcc   -I/home/pivos/xbmc-depends/x86_64-linux-gnu-native/include  -w    -o CMakeFiles/cmTC_7144a.dir/CheckIncludeFiles.c.o   -c /home/pivos/proj/xbmc-16.1-Jarvis/tools/depends/native/cmake-native/x86_64-linux-native/CMakeFiles/CMakeTmp/CheckIncludeFiles.c
/home/pivos/proj/xbmc-16.1-Jarvis/tools/depends/native/cmake-native/x86_64-linux-native/CMakeFiles/CMakeTmp/CheckIncludeFiles.c:45:22: fatal error: wincrypt.h: No such file or directory
 #include <wincrypt.h>
                      ^
compilation terminated.
make[4]: Leaving directory `/home/pivos/proj/xbmc-16.1-Jarvis/tools/depends/native/cmake-native/x86_64-linux-native/CMakeFiles/CMakeTmp'
make[4]: *** [CMakeFiles/cmTC_7144a.dir/CheckIncludeFiles.c.o] Error 1
make[3]: Leaving directory `/home/pivos/proj/xbmc-16.1-Jarvis/tools/depends/native/cmake-native/x86_64-linux-native/CMakeFiles/CMakeTmp'
make[3]: *** [cmTC_7144a/fast] Error 2

Source:
/* */
#include <sys/types.h>
#include <ctype.h>
#include <dlfcn.h>
#include <errno.h>
#include <fcntl.h>
#include <grp.h>
#include <inttypes.h>
#include <langinfo.h>
#include <limits.h>
#include <linux/types.h>
#include <linux/fiemap.h>
#include <linux/fs.h>
#include <linux/magic.h>
#include <locale.h>
#include <memory.h>
#include <paths.h>
#include <poll.h>
#include <pwd.h>
#include <regex.h>
#include <signal.h>
#include <spawn.h>
#include <stdarg.h>
#include <stdint.h>
#include <stdlib.h>
#include <string.h>
#include <strings.h>
#include <sys/cdefs.h>
#include <sys/ioctl.h>
#include <sys/param.h>
#include <sys/poll.h>
#include <sys/select.h>
#include <sys/stat.h>
#include <sys/statfs.h>
#include <sys/statvfs.h>
#include <sys/time.h>
#include <sys/utsname.h>
#include <sys/vfs.h>
#include <sys/wait.h>
#include <time.h>
#include <unistd.h>
#include <utime.h>
#include <wchar.h>
#include <wctype.h>
#include <wincrypt.h>


int main(void){return 0;}

Determining if files sys/types.h;ctype.h;dlfcn.h;errno.h;fcntl.h;grp.h;inttypes.h;langinfo.h;limits.h;linux/types.h;linux/fiemap.h;linux/fs.h;linux/magic.h;locale.h;memory.h;paths.h;poll.h;pwd.h;regex.h;signal.h;spawn.h;stdarg.h;stdint.h;stdlib.h;string.h;strings.h;sys/cdefs.h;sys/ioctl.h;sys/param.h;sys/poll.h;sys/select.h;sys/stat.h;sys/statfs.h;sys/statvfs.h;sys/time.h;sys/utsname.h;sys/vfs.h;sys/wait.h;time.h;unistd.h;utime.h;wchar.h;wctype.h;winioctl.h exist failed with the following output:
Change Dir: /home/pivos/proj/xbmc-16.1-Jarvis/tools/depends/native/cmake-native/x86_64-linux-native/CMakeFiles/CMakeTmp

Run Build Command:"/usr/bin/make" "cmTC_4d891/fast"
make[3]: Entering directory `/home/pivos/proj/xbmc-16.1-Jarvis/tools/depends/native/cmake-native/x86_64-linux-native/CMakeFiles/CMakeTmp'
make -f CMakeFiles/cmTC_4d891.dir/build.make CMakeFiles/cmTC_4d891.dir/build
make[4]: Entering directory `/home/pivos/proj/xbmc-16.1-Jarvis/tools/depends/native/cmake-native/x86_64-linux-native/CMakeFiles/CMakeTmp'
Building C object CMakeFiles/cmTC_4d891.dir/CheckIncludeFiles.c.o
/usr/bin/gcc   -I/home/pivos/xbmc-depends/x86_64-linux-gnu-native/include  -w    -o CMakeFiles/cmTC_4d891.dir/CheckIncludeFiles.c.o   -c /home/pivos/proj/xbmc-16.1-Jarvis/tools/depends/native/cmake-native/x86_64-linux-native/CMakeFiles/CMakeTmp/CheckIncludeFiles.c
/home/pivos/proj/xbmc-16.1-Jarvis/tools/depends/native/cmake-native/x86_64-linux-native/CMakeFiles/CMakeTmp/CheckIncludeFiles.c:45:22: fatal error: winioctl.h: No such file or directory
 #include <winioctl.h>
                      ^
compilation terminated.
make[4]: Leaving directory `/home/pivos/proj/xbmc-16.1-Jarvis/tools/depends/native/cmake-native/x86_64-linux-native/CMakeFiles/CMakeTmp'
make[4]: *** [CMakeFiles/cmTC_4d891.dir/CheckIncludeFiles.c.o] Error 1
make[3]: Leaving directory `/home/pivos/proj/xbmc-16.1-Jarvis/tools/depends/native/cmake-native/x86_64-linux-native/CMakeFiles/CMakeTmp'
make[3]: *** [cmTC_4d891/fast] Error 2

Source:
/* */
#include <sys/types.h>
#include <ctype.h>
#include <dlfcn.h>
#include <errno.h>
#include <fcntl.h>
#include <grp.h>
#include <inttypes.h>
#include <langinfo.h>
#include <limits.h>
#include <linux/types.h>
#include <linux/fiemap.h>
#include <linux/fs.h>
#include <linux/magic.h>
#include <locale.h>
#include <memory.h>
#include <paths.h>
#include <poll.h>
#include <pwd.h>
#include <regex.h>
#include <signal.h>
#include <spawn.h>
#include <stdarg.h>
#include <stdint.h>
#include <stdlib.h>
#include <string.h>
#include <strings.h>
#include <sys/cdefs.h>
#include <sys/ioctl.h>
#include <sys/param.h>
#include <sys/poll.h>
#include <sys/select.h>
#include <sys/stat.h>
#include <sys/statfs.h>
#include <sys/statvfs.h>
#include <sys/time.h>
#include <sys/utsname.h>
#include <sys/vfs.h>
#include <sys/wait.h>
#include <time.h>
#include <unistd.h>
#include <utime.h>
#include <wchar.h>
#include <wctype.h>
#include <winioctl.h>


int main(void){return 0;}

Determining if the function MD5Init exists in the md failed with the following output:
Change Dir: /home/pivos/proj/xbmc-16.1-Jarvis/tools/depends/native/cmake-native/x86_64-linux-native/CMakeFiles/CMakeTmp

Run Build Command:"/usr/bin/make" "cmTC_bc0f1/fast"
make[3]: Entering directory `/home/pivos/proj/xbmc-16.1-Jarvis/tools/depends/native/cmake-native/x86_64-linux-native/CMakeFiles/CMakeTmp'
make -f CMakeFiles/cmTC_bc0f1.dir/build.make CMakeFiles/cmTC_bc0f1.dir/build
make[4]: Entering directory `/home/pivos/proj/xbmc-16.1-Jarvis/tools/depends/native/cmake-native/x86_64-linux-native/CMakeFiles/CMakeTmp'
Building C object CMakeFiles/cmTC_bc0f1.dir/CheckFunctionExists.c.o
/usr/bin/gcc   -I/home/pivos/xbmc-depends/x86_64-linux-gnu-native/include  -w -DCHECK_FUNCTION_EXISTS=MD5Init   -o CMakeFiles/cmTC_bc0f1.dir/CheckFunctionExists.c.o   -c /home/pivos/proj/xbmc-16.1-Jarvis/tools/depends/native/cmake-native/x86_64-linux-native/Modules/CheckFunctionExists.c
Linking C executable cmTC_bc0f1
/home/pivos/proj/xbmc-16.1-Jarvis/tools/depends/native/cmake-native/x86_64-linux-native/Bootstrap.cmk/cmake -E cmake_link_script CMakeFiles/cmTC_bc0f1.dir/link.txt --verbose=1
/usr/bin/gcc  -I/home/pivos/xbmc-depends/x86_64-linux-gnu-native/include  -w -DCHECK_FUNCTION_EXISTS=MD5Init   -L/home/pivos/xbmc-depends/x86_64-linux-gnu-native/lib  CMakeFiles/cmTC_bc0f1.dir/CheckFunctionExists.c.o  -o cmTC_bc0f1 -rdynamic -lmd 
/usr/bin/ld: cannot find -lmd
collect2: error: ld returned 1 exit status
make[4]: Leaving directory `/home/pivos/proj/xbmc-16.1-Jarvis/tools/depends/native/cmake-native/x86_64-linux-native/CMakeFiles/CMakeTmp'
make[4]: *** [cmTC_bc0f1] Error 1
make[3]: Leaving directory `/home/pivos/proj/xbmc-16.1-Jarvis/tools/depends/native/cmake-native/x86_64-linux-native/CMakeFiles/CMakeTmp'
make[3]: *** [cmTC_bc0f1/fast] Error 2


Determining if the _CrtSetReportMode exist failed with the following output:
Change Dir: /home/pivos/proj/xbmc-16.1-Jarvis/tools/depends/native/cmake-native/x86_64-linux-native/CMakeFiles/CMakeTmp

Run Build Command:"/usr/bin/make" "cmTC_ab7bb/fast"
make[3]: Entering directory `/home/pivos/proj/xbmc-16.1-Jarvis/tools/depends/native/cmake-native/x86_64-linux-native/CMakeFiles/CMakeTmp'
make -f CMakeFiles/cmTC_ab7bb.dir/build.make CMakeFiles/cmTC_ab7bb.dir/build
make[4]: Entering directory `/home/pivos/proj/xbmc-16.1-Jarvis/tools/depends/native/cmake-native/x86_64-linux-native/CMakeFiles/CMakeTmp'
Building C object CMakeFiles/cmTC_ab7bb.dir/CheckSymbolExists.c.o
/usr/bin/gcc   -I/home/pivos/xbmc-depends/x86_64-linux-gnu-native/include  -w  -fno-builtin   -o CMakeFiles/cmTC_ab7bb.dir/CheckSymbolExists.c.o   -c /home/pivos/proj/xbmc-16.1-Jarvis/tools/depends/native/cmake-native/x86_64-linux-native/CMakeFiles/CMakeTmp/CheckSymbolExists.c
/home/pivos/proj/xbmc-16.1-Jarvis/tools/depends/native/cmake-native/x86_64-linux-native/CMakeFiles/CMakeTmp/CheckSymbolExists.c:2:20: fatal error: crtdbg.h: No such file or directory
 #include <crtdbg.h>
                    ^
compilation terminated.
make[4]: Leaving directory `/home/pivos/proj/xbmc-16.1-Jarvis/tools/depends/native/cmake-native/x86_64-linux-native/CMakeFiles/CMakeTmp'
make[4]: *** [CMakeFiles/cmTC_ab7bb.dir/CheckSymbolExists.c.o] Error 1
make[3]: Leaving directory `/home/pivos/proj/xbmc-16.1-Jarvis/tools/depends/native/cmake-native/x86_64-linux-native/CMakeFiles/CMakeTmp'
make[3]: *** [cmTC_ab7bb/fast] Error 2

File /home/pivos/proj/xbmc-16.1-Jarvis/tools/depends/native/cmake-native/x86_64-linux-native/CMakeFiles/CMakeTmp/CheckSymbolExists.c:
/* */
#include <crtdbg.h>

int main(int argc, char** argv)
{
  (void)argv;
#ifndef _CrtSetReportMode
  return ((int*)(&_CrtSetReportMode))[argc];
#else
  (void)argc;
  return 0;
#endif
}

Determining if the function getvfsbyname exists failed with the following output:
Change Dir: /home/pivos/proj/xbmc-16.1-Jarvis/tools/depends/native/cmake-native/x86_64-linux-native/CMakeFiles/CMakeTmp

Run Build Command:"/usr/bin/make" "cmTC_ef7e9/fast"
make[3]: Entering directory `/home/pivos/proj/xbmc-16.1-Jarvis/tools/depends/native/cmake-native/x86_64-linux-native/CMakeFiles/CMakeTmp'
make -f CMakeFiles/cmTC_ef7e9.dir/build.make CMakeFiles/cmTC_ef7e9.dir/build
make[4]: Entering directory `/home/pivos/proj/xbmc-16.1-Jarvis/tools/depends/native/cmake-native/x86_64-linux-native/CMakeFiles/CMakeTmp'
Building C object CMakeFiles/cmTC_ef7e9.dir/CheckFunctionExists.c.o
/usr/bin/gcc   -I/home/pivos/xbmc-depends/x86_64-linux-gnu-native/include  -w -DCHECK_FUNCTION_EXISTS=getvfsbyname  -fno-builtin   -o CMakeFiles/cmTC_ef7e9.dir/CheckFunctionExists.c.o   -c /home/pivos/proj/xbmc-16.1-Jarvis/tools/depends/native/cmake-native/x86_64-linux-native/Modules/CheckFunctionExists.c
Linking C executable cmTC_ef7e9
/home/pivos/proj/xbmc-16.1-Jarvis/tools/depends/native/cmake-native/x86_64-linux-native/Bootstrap.cmk/cmake -E cmake_link_script CMakeFiles/cmTC_ef7e9.dir/link.txt --verbose=1
/usr/bin/gcc  -I/home/pivos/xbmc-depends/x86_64-linux-gnu-native/include  -w -DCHECK_FUNCTION_EXISTS=getvfsbyname  -fno-builtin   -L/home/pivos/xbmc-depends/x86_64-linux-gnu-native/lib  CMakeFiles/cmTC_ef7e9.dir/CheckFunctionExists.c.o  -o cmTC_ef7e9 -rdynamic 
CMakeFiles/cmTC_ef7e9.dir/CheckFunctionExists.c.o: In function `main':
CheckFunctionExists.c:(.text+0x15): undefined reference to `getvfsbyname'
collect2: error: ld returned 1 exit status
make[4]: Leaving directory `/home/pivos/proj/xbmc-16.1-Jarvis/tools/depends/native/cmake-native/x86_64-linux-native/CMakeFiles/CMakeTmp'
make[3]: Leaving directory `/home/pivos/proj/xbmc-16.1-Jarvis/tools/depends/native/cmake-native/x86_64-linux-native/CMakeFiles/CMakeTmp'
make[4]: *** [cmTC_ef7e9] Error 1
make[3]: *** [cmTC_ef7e9/fast] Error 2


Determining if the function lchflags exists failed with the following output:
Change Dir: /home/pivos/proj/xbmc-16.1-Jarvis/tools/depends/native/cmake-native/x86_64-linux-native/CMakeFiles/CMakeTmp

Run Build Command:"/usr/bin/make" "cmTC_0862b/fast"
make[3]: Entering directory `/home/pivos/proj/xbmc-16.1-Jarvis/tools/depends/native/cmake-native/x86_64-linux-native/CMakeFiles/CMakeTmp'
make -f CMakeFiles/cmTC_0862b.dir/build.make CMakeFiles/cmTC_0862b.dir/build
make[4]: Entering directory `/home/pivos/proj/xbmc-16.1-Jarvis/tools/depends/native/cmake-native/x86_64-linux-native/CMakeFiles/CMakeTmp'
Building C object CMakeFiles/cmTC_0862b.dir/CheckFunctionExists.c.o
/usr/bin/gcc   -I/home/pivos/xbmc-depends/x86_64-linux-gnu-native/include  -w -DCHECK_FUNCTION_EXISTS=lchflags  -fno-builtin   -o CMakeFiles/cmTC_0862b.dir/CheckFunctionExists.c.o   -c /home/pivos/proj/xbmc-16.1-Jarvis/tools/depends/native/cmake-native/x86_64-linux-native/Modules/CheckFunctionExists.c
Linking C executable cmTC_0862b
/home/pivos/proj/xbmc-16.1-Jarvis/tools/depends/native/cmake-native/x86_64-linux-native/Bootstrap.cmk/cmake -E cmake_link_script CMakeFiles/cmTC_0862b.dir/link.txt --verbose=1
/usr/bin/gcc  -I/home/pivos/xbmc-depends/x86_64-linux-gnu-native/include  -w -DCHECK_FUNCTION_EXISTS=lchflags  -fno-builtin   -L/home/pivos/xbmc-depends/x86_64-linux-gnu-native/lib  CMakeFiles/cmTC_0862b.dir/CheckFunctionExists.c.o  -o cmTC_0862b -rdynamic 
CMakeFiles/cmTC_0862b.dir/CheckFunctionExists.c.o: In function `main':
CheckFunctionExists.c:(.text+0x15): undefined reference to `lchflags'
collect2: error: ld returned 1 exit status
make[4]: Leaving directory `/home/pivos/proj/xbmc-16.1-Jarvis/tools/depends/native/cmake-native/x86_64-linux-native/CMakeFiles/CMakeTmp'
make[4]: *** [cmTC_0862b] Error 1
make[3]: Leaving directory `/home/pivos/proj/xbmc-16.1-Jarvis/tools/depends/native/cmake-native/x86_64-linux-native/CMakeFiles/CMakeTmp'
make[3]: *** [cmTC_0862b/fast] Error 2


Determining if the function strncpy_s exists failed with the following output:
Change Dir: /home/pivos/proj/xbmc-16.1-Jarvis/tools/depends/native/cmake-native/x86_64-linux-native/CMakeFiles/CMakeTmp

Run Build Command:"/usr/bin/make" "cmTC_03740/fast"
make[3]: Entering directory `/home/pivos/proj/xbmc-16.1-Jarvis/tools/depends/native/cmake-native/x86_64-linux-native/CMakeFiles/CMakeTmp'
make -f CMakeFiles/cmTC_03740.dir/build.make CMakeFiles/cmTC_03740.dir/build
make[4]: Entering directory `/home/pivos/proj/xbmc-16.1-Jarvis/tools/depends/native/cmake-native/x86_64-linux-native/CMakeFiles/CMakeTmp'
Building C object CMakeFiles/cmTC_03740.dir/CheckFunctionExists.c.o
/usr/bin/gcc   -I/home/pivos/xbmc-depends/x86_64-linux-gnu-native/include  -w -DCHECK_FUNCTION_EXISTS=strncpy_s  -fno-builtin   -o CMakeFiles/cmTC_03740.dir/CheckFunctionExists.c.o   -c /home/pivos/proj/xbmc-16.1-Jarvis/tools/depends/native/cmake-native/x86_64-linux-native/Modules/CheckFunctionExists.c
Linking C executable cmTC_03740
/home/pivos/proj/xbmc-16.1-Jarvis/tools/depends/native/cmake-native/x86_64-linux-native/Bootstrap.cmk/cmake -E cmake_link_script CMakeFiles/cmTC_03740.dir/link.txt --verbose=1
/usr/bin/gcc  -I/home/pivos/xbmc-depends/x86_64-linux-gnu-native/include  -w -DCHECK_FUNCTION_EXISTS=strncpy_s  -fno-builtin   -L/home/pivos/xbmc-depends/x86_64-linux-gnu-native/lib  CMakeFiles/cmTC_03740.dir/CheckFunctionExists.c.o  -o cmTC_03740 -rdynamic 
CMakeFiles/cmTC_03740.dir/CheckFunctionExists.c.o: In function `main':
CheckFunctionExists.c:(.text+0x15): undefined reference to `strncpy_s'
collect2: error: ld returned 1 exit status
make[4]: Leaving directory `/home/pivos/proj/xbmc-16.1-Jarvis/tools/depends/native/cmake-native/x86_64-linux-native/CMakeFiles/CMakeTmp'
make[4]: *** [cmTC_03740] Error 1
make[3]: Leaving directory `/home/pivos/proj/xbmc-16.1-Jarvis/tools/depends/native/cmake-native/x86_64-linux-native/CMakeFiles/CMakeTmp'
make[3]: *** [cmTC_03740/fast] Error 2


Determining if the function _ctime64_s exists failed with the following output:
Change Dir: /home/pivos/proj/xbmc-16.1-Jarvis/tools/depends/native/cmake-native/x86_64-linux-native/CMakeFiles/CMakeTmp

Run Build Command:"/usr/bin/make" "cmTC_23a55/fast"
make[3]: Entering directory `/home/pivos/proj/xbmc-16.1-Jarvis/tools/depends/native/cmake-native/x86_64-linux-native/CMakeFiles/CMakeTmp'
make -f CMakeFiles/cmTC_23a55.dir/build.make CMakeFiles/cmTC_23a55.dir/build
make[4]: Entering directory `/home/pivos/proj/xbmc-16.1-Jarvis/tools/depends/native/cmake-native/x86_64-linux-native/CMakeFiles/CMakeTmp'
Building C object CMakeFiles/cmTC_23a55.dir/CheckFunctionExists.c.o
/usr/bin/gcc   -I/home/pivos/xbmc-depends/x86_64-linux-gnu-native/include  -w -DCHECK_FUNCTION_EXISTS=_ctime64_s  -fno-builtin   -o CMakeFiles/cmTC_23a55.dir/CheckFunctionExists.c.o   -c /home/pivos/proj/xbmc-16.1-Jarvis/tools/depends/native/cmake-native/x86_64-linux-native/Modules/CheckFunctionExists.c
Linking C executable cmTC_23a55
/home/pivos/proj/xbmc-16.1-Jarvis/tools/depends/native/cmake-native/x86_64-linux-native/Bootstrap.cmk/cmake -E cmake_link_script CMakeFiles/cmTC_23a55.dir/link.txt --verbose=1
/usr/bin/gcc  -I/home/pivos/xbmc-depends/x86_64-linux-gnu-native/include  -w -DCHECK_FUNCTION_EXISTS=_ctime64_s  -fno-builtin   -L/home/pivos/xbmc-depends/x86_64-linux-gnu-native/lib  CMakeFiles/cmTC_23a55.dir/CheckFunctionExists.c.o  -o cmTC_23a55 -rdynamic 
CMakeFiles/cmTC_23a55.dir/CheckFunctionExists.c.o: In function `main':
CheckFunctionExists.c:(.text+0x15): undefined reference to `_ctime64_s'
collect2: error: ld returned 1 exit status
make[4]: Leaving directory `/home/pivos/proj/xbmc-16.1-Jarvis/tools/depends/native/cmake-native/x86_64-linux-native/CMakeFiles/CMakeTmp'
make[4]: *** [cmTC_23a55] Error 1
make[3]: Leaving directory `/home/pivos/proj/xbmc-16.1-Jarvis/tools/depends/native/cmake-native/x86_64-linux-native/CMakeFiles/CMakeTmp'
make[3]: *** [cmTC_23a55/fast] Error 2


Determining if the function _fseeki64 exists failed with the following output:
Change Dir: /home/pivos/proj/xbmc-16.1-Jarvis/tools/depends/native/cmake-native/x86_64-linux-native/CMakeFiles/CMakeTmp

Run Build Command:"/usr/bin/make" "cmTC_dabff/fast"
make[3]: Entering directory `/home/pivos/proj/xbmc-16.1-Jarvis/tools/depends/native/cmake-native/x86_64-linux-native/CMakeFiles/CMakeTmp'
make -f CMakeFiles/cmTC_dabff.dir/build.make CMakeFiles/cmTC_dabff.dir/build
make[4]: Entering directory `/home/pivos/proj/xbmc-16.1-Jarvis/tools/depends/native/cmake-native/x86_64-linux-native/CMakeFiles/CMakeTmp'
Building C object CMakeFiles/cmTC_dabff.dir/CheckFunctionExists.c.o
/usr/bin/gcc   -I/home/pivos/xbmc-depends/x86_64-linux-gnu-native/include  -w -DCHECK_FUNCTION_EXISTS=_fseeki64  -fno-builtin   -o CMakeFiles/cmTC_dabff.dir/CheckFunctionExists.c.o   -c /home/pivos/proj/xbmc-16.1-Jarvis/tools/depends/native/cmake-native/x86_64-linux-native/Modules/CheckFunctionExists.c
Linking C executable cmTC_dabff
/home/pivos/proj/xbmc-16.1-Jarvis/tools/depends/native/cmake-native/x86_64-linux-native/Bootstrap.cmk/cmake -E cmake_link_script CMakeFiles/cmTC_dabff.dir/link.txt --verbose=1
/usr/bin/gcc  -I/home/pivos/xbmc-depends/x86_64-linux-gnu-native/include  -w -DCHECK_FUNCTION_EXISTS=_fseeki64  -fno-builtin   -L/home/pivos/xbmc-depends/x86_64-linux-gnu-native/lib  CMakeFiles/cmTC_dabff.dir/CheckFunctionExists.c.o  -o cmTC_dabff -rdynamic 
CMakeFiles/cmTC_dabff.dir/CheckFunctionExists.c.o: In function `main':
CheckFunctionExists.c:(.text+0x15): undefined reference to `_fseeki64'
collect2: error: ld returned 1 exit status
make[4]: Leaving directory `/home/pivos/proj/xbmc-16.1-Jarvis/tools/depends/native/cmake-native/x86_64-linux-native/CMakeFiles/CMakeTmp'
make[4]: *** [cmTC_dabff] Error 1
make[3]: Leaving directory `/home/pivos/proj/xbmc-16.1-Jarvis/tools/depends/native/cmake-native/x86_64-linux-native/CMakeFiles/CMakeTmp'
make[3]: *** [cmTC_dabff/fast] Error 2


Determining if the function _get_timezone exists failed with the following output:
Change Dir: /home/pivos/proj/xbmc-16.1-Jarvis/tools/depends/native/cmake-native/x86_64-linux-native/CMakeFiles/CMakeTmp

Run Build Command:"/usr/bin/make" "cmTC_8d222/fast"
make[3]: Entering directory `/home/pivos/proj/xbmc-16.1-Jarvis/tools/depends/native/cmake-native/x86_64-linux-native/CMakeFiles/CMakeTmp'
make -f CMakeFiles/cmTC_8d222.dir/build.make CMakeFiles/cmTC_8d222.dir/build
make[4]: Entering directory `/home/pivos/proj/xbmc-16.1-Jarvis/tools/depends/native/cmake-native/x86_64-linux-native/CMakeFiles/CMakeTmp'
Building C object CMakeFiles/cmTC_8d222.dir/CheckFunctionExists.c.o
/usr/bin/gcc   -I/home/pivos/xbmc-depends/x86_64-linux-gnu-native/include  -w -DCHECK_FUNCTION_EXISTS=_get_timezone  -fno-builtin   -o CMakeFiles/cmTC_8d222.dir/CheckFunctionExists.c.o   -c /home/pivos/proj/xbmc-16.1-Jarvis/tools/depends/native/cmake-native/x86_64-linux-native/Modules/CheckFunctionExists.c
Linking C executable cmTC_8d222
/home/pivos/proj/xbmc-16.1-Jarvis/tools/depends/native/cmake-native/x86_64-linux-native/Bootstrap.cmk/cmake -E cmake_link_script CMakeFiles/cmTC_8d222.dir/link.txt --verbose=1
/usr/bin/gcc  -I/home/pivos/xbmc-depends/x86_64-linux-gnu-native/include  -w -DCHECK_FUNCTION_EXISTS=_get_timezone  -fno-builtin   -L/home/pivos/xbmc-depends/x86_64-linux-gnu-native/lib  CMakeFiles/cmTC_8d222.dir/CheckFunctionExists.c.o  -o cmTC_8d222 -rdynamic 
CMakeFiles/cmTC_8d222.dir/CheckFunctionExists.c.o: In function `main':
CheckFunctionExists.c:(.text+0x15): undefined reference to `_get_timezone'
collect2: error: ld returned 1 exit status
make[4]: Leaving directory `/home/pivos/proj/xbmc-16.1-Jarvis/tools/depends/native/cmake-native/x86_64-linux-native/CMakeFiles/CMakeTmp'
make[3]: Leaving directory `/home/pivos/proj/xbmc-16.1-Jarvis/tools/depends/native/cmake-native/x86_64-linux-native/CMakeFiles/CMakeTmp'
make[4]: *** [cmTC_8d222] Error 1
make[3]: *** [cmTC_8d222/fast] Error 2


Determining if the function _localtime64_s exists failed with the following output:
Change Dir: /home/pivos/proj/xbmc-16.1-Jarvis/tools/depends/native/cmake-native/x86_64-linux-native/CMakeFiles/CMakeTmp

Run Build Command:"/usr/bin/make" "cmTC_571b3/fast"
make[3]: Entering directory `/home/pivos/proj/xbmc-16.1-Jarvis/tools/depends/native/cmake-native/x86_64-linux-native/CMakeFiles/CMakeTmp'
make -f CMakeFiles/cmTC_571b3.dir/build.make CMakeFiles/cmTC_571b3.dir/build
make[4]: Entering directory `/home/pivos/proj/xbmc-16.1-Jarvis/tools/depends/native/cmake-native/x86_64-linux-native/CMakeFiles/CMakeTmp'
Building C object CMakeFiles/cmTC_571b3.dir/CheckFunctionExists.c.o
/usr/bin/gcc   -I/home/pivos/xbmc-depends/x86_64-linux-gnu-native/include  -w -DCHECK_FUNCTION_EXISTS=_localtime64_s  -fno-builtin   -o CMakeFiles/cmTC_571b3.dir/CheckFunctionExists.c.o   -c /home/pivos/proj/xbmc-16.1-Jarvis/tools/depends/native/cmake-native/x86_64-linux-native/Modules/CheckFunctionExists.c
Linking C executable cmTC_571b3
/home/pivos/proj/xbmc-16.1-Jarvis/tools/depends/native/cmake-native/x86_64-linux-native/Bootstrap.cmk/cmake -E cmake_link_script CMakeFiles/cmTC_571b3.dir/link.txt --verbose=1
/usr/bin/gcc  -I/home/pivos/xbmc-depends/x86_64-linux-gnu-native/include  -w -DCHECK_FUNCTION_EXISTS=_localtime64_s  -fno-builtin   -L/home/pivos/xbmc-depends/x86_64-linux-gnu-native/lib  CMakeFiles/cmTC_571b3.dir/CheckFunctionExists.c.o  -o cmTC_571b3 -rdynamic 
CMakeFiles/cmTC_571b3.dir/CheckFunctionExists.c.o: In function `main':
CheckFunctionExists.c:(.text+0x15): undefined reference to `_localtime64_s'
collect2: error: ld returned 1 exit status
make[4]: Leaving directory `/home/pivos/proj/xbmc-16.1-Jarvis/tools/depends/native/cmake-native/x86_64-linux-native/CMakeFiles/CMakeTmp'
make[3]: Leaving directory `/home/pivos/proj/xbmc-16.1-Jarvis/tools/depends/native/cmake-native/x86_64-linux-native/CMakeFiles/CMakeTmp'
make[4]: *** [cmTC_571b3] Error 1
make[3]: *** [cmTC_571b3/fast] Error 2


Determining if the function _mkgmtime64 exists failed with the following output:
Change Dir: /home/pivos/proj/xbmc-16.1-Jarvis/tools/depends/native/cmake-native/x86_64-linux-native/CMakeFiles/CMakeTmp

Run Build Command:"/usr/bin/make" "cmTC_0db76/fast"
make[3]: Entering directory `/home/pivos/proj/xbmc-16.1-Jarvis/tools/depends/native/cmake-native/x86_64-linux-native/CMakeFiles/CMakeTmp'
make -f CMakeFiles/cmTC_0db76.dir/build.make CMakeFiles/cmTC_0db76.dir/build
make[4]: Entering directory `/home/pivos/proj/xbmc-16.1-Jarvis/tools/depends/native/cmake-native/x86_64-linux-native/CMakeFiles/CMakeTmp'
Building C object CMakeFiles/cmTC_0db76.dir/CheckFunctionExists.c.o
/usr/bin/gcc   -I/home/pivos/xbmc-depends/x86_64-linux-gnu-native/include  -w -DCHECK_FUNCTION_EXISTS=_mkgmtime64  -fno-builtin   -o CMakeFiles/cmTC_0db76.dir/CheckFunctionExists.c.o   -c /home/pivos/proj/xbmc-16.1-Jarvis/tools/depends/native/cmake-native/x86_64-linux-native/Modules/CheckFunctionExists.c
Linking C executable cmTC_0db76
/home/pivos/proj/xbmc-16.1-Jarvis/tools/depends/native/cmake-native/x86_64-linux-native/Bootstrap.cmk/cmake -E cmake_link_script CMakeFiles/cmTC_0db76.dir/link.txt --verbose=1
/usr/bin/gcc  -I/home/pivos/xbmc-depends/x86_64-linux-gnu-native/include  -w -DCHECK_FUNCTION_EXISTS=_mkgmtime64  -fno-builtin   -L/home/pivos/xbmc-depends/x86_64-linux-gnu-native/lib  CMakeFiles/cmTC_0db76.dir/CheckFunctionExists.c.o  -o cmTC_0db76 -rdynamic 
CMakeFiles/cmTC_0db76.dir/CheckFunctionExists.c.o: In function `main':
CheckFunctionExists.c:(.text+0x15): undefined reference to `_mkgmtime64'
collect2: error: ld returned 1 exit status
make[4]: Leaving directory `/home/pivos/proj/xbmc-16.1-Jarvis/tools/depends/native/cmake-native/x86_64-linux-native/CMakeFiles/CMakeTmp'
make[4]: *** [cmTC_0db76] Error 1
make[3]: Leaving directory `/home/pivos/proj/xbmc-16.1-Jarvis/tools/depends/native/cmake-native/x86_64-linux-native/CMakeFiles/CMakeTmp'
make[3]: *** [cmTC_0db76/fast] Error 2


Determining if the function cygwin_conv_path exists failed with the following output:
Change Dir: /home/pivos/proj/xbmc-16.1-Jarvis/tools/depends/native/cmake-native/x86_64-linux-native/CMakeFiles/CMakeTmp

Run Build Command:"/usr/bin/make" "cmTC_00106/fast"
make[3]: Entering directory `/home/pivos/proj/xbmc-16.1-Jarvis/tools/depends/native/cmake-native/x86_64-linux-native/CMakeFiles/CMakeTmp'
make -f CMakeFiles/cmTC_00106.dir/build.make CMakeFiles/cmTC_00106.dir/build
make[4]: Entering directory `/home/pivos/proj/xbmc-16.1-Jarvis/tools/depends/native/cmake-native/x86_64-linux-native/CMakeFiles/CMakeTmp'
Building C object CMakeFiles/cmTC_00106.dir/CheckFunctionExists.c.o
/usr/bin/gcc   -I/home/pivos/xbmc-depends/x86_64-linux-gnu-native/include  -w -DCHECK_FUNCTION_EXISTS=cygwin_conv_path  -fno-builtin   -o CMakeFiles/cmTC_00106.dir/CheckFunctionExists.c.o   -c /home/pivos/proj/xbmc-16.1-Jarvis/tools/depends/native/cmake-native/x86_64-linux-native/Modules/CheckFunctionExists.c
Linking C executable cmTC_00106
/home/pivos/proj/xbmc-16.1-Jarvis/tools/depends/native/cmake-native/x86_64-linux-native/Bootstrap.cmk/cmake -E cmake_link_script CMakeFiles/cmTC_00106.dir/link.txt --verbose=1
/usr/bin/gcc  -I/home/pivos/xbmc-depends/x86_64-linux-gnu-native/include  -w -DCHECK_FUNCTION_EXISTS=cygwin_conv_path  -fno-builtin   -L/home/pivos/xbmc-depends/x86_64-linux-gnu-native/lib  CMakeFiles/cmTC_00106.dir/CheckFunctionExists.c.o  -o cmTC_00106 -rdynamic 
CMakeFiles/cmTC_00106.dir/CheckFunctionExists.c.o: In function `main':
CheckFunctionExists.c:(.text+0x15): undefined reference to `cygwin_conv_path'
collect2: error: ld returned 1 exit status
make[4]: Leaving directory `/home/pivos/proj/xbmc-16.1-Jarvis/tools/depends/native/cmake-native/x86_64-linux-native/CMakeFiles/CMakeTmp'
make[4]: *** [cmTC_00106] Error 1
make[3]: Leaving directory `/home/pivos/proj/xbmc-16.1-Jarvis/tools/depends/native/cmake-native/x86_64-linux-native/CMakeFiles/CMakeTmp'
make[3]: *** [cmTC_00106/fast] Error 2


Performing C SOURCE FILE Test MAJOR_IN_MKDEV failed with the following output:
Change Dir: /home/pivos/proj/xbmc-16.1-Jarvis/tools/depends/native/cmake-native/x86_64-linux-native/CMakeFiles/CMakeTmp

Run Build Command:"/usr/bin/make" "cmTC_27faa/fast"
make[3]: Entering directory `/home/pivos/proj/xbmc-16.1-Jarvis/tools/depends/native/cmake-native/x86_64-linux-native/CMakeFiles/CMakeTmp'
make -f CMakeFiles/cmTC_27faa.dir/build.make CMakeFiles/cmTC_27faa.dir/build
make[4]: Entering directory `/home/pivos/proj/xbmc-16.1-Jarvis/tools/depends/native/cmake-native/x86_64-linux-native/CMakeFiles/CMakeTmp'
Building C object CMakeFiles/cmTC_27faa.dir/src.c.o
/usr/bin/gcc   -I/home/pivos/xbmc-depends/x86_64-linux-gnu-native/include  -w -DMAJOR_IN_MKDEV   -o CMakeFiles/cmTC_27faa.dir/src.c.o   -c /home/pivos/proj/xbmc-16.1-Jarvis/tools/depends/native/cmake-native/x86_64-linux-native/CMakeFiles/CMakeTmp/src.c
/home/pivos/proj/xbmc-16.1-Jarvis/tools/depends/native/cmake-native/x86_64-linux-native/CMakeFiles/CMakeTmp/src.c:1:23: fatal error: sys/mkdev.h: No such file or directory
 #include <sys/mkdev.h>
                       ^
compilation terminated.
make[4]: Leaving directory `/home/pivos/proj/xbmc-16.1-Jarvis/tools/depends/native/cmake-native/x86_64-linux-native/CMakeFiles/CMakeTmp'
make[4]: *** [CMakeFiles/cmTC_27faa.dir/src.c.o] Error 1
make[3]: Leaving directory `/home/pivos/proj/xbmc-16.1-Jarvis/tools/depends/native/cmake-native/x86_64-linux-native/CMakeFiles/CMakeTmp'
make[3]: *** [cmTC_27faa/fast] Error 2

Source file was:
#include <sys/mkdev.h>
int main() { return major(256); }
Determining if the EFTYPE exist failed with the following output:
Change Dir: /home/pivos/proj/xbmc-16.1-Jarvis/tools/depends/native/cmake-native/x86_64-linux-native/CMakeFiles/CMakeTmp

Run Build Command:"/usr/bin/make" "cmTC_24c79/fast"
make[3]: Entering directory `/home/pivos/proj/xbmc-16.1-Jarvis/tools/depends/native/cmake-native/x86_64-linux-native/CMakeFiles/CMakeTmp'
make -f CMakeFiles/cmTC_24c79.dir/build.make CMakeFiles/cmTC_24c79.dir/build
make[4]: Entering directory `/home/pivos/proj/xbmc-16.1-Jarvis/tools/depends/native/cmake-native/x86_64-linux-native/CMakeFiles/CMakeTmp'
Building C object CMakeFiles/cmTC_24c79.dir/CheckSymbolExists.c.o
/usr/bin/gcc   -I/home/pivos/xbmc-depends/x86_64-linux-gnu-native/include  -w    -o CMakeFiles/cmTC_24c79.dir/CheckSymbolExists.c.o   -c /home/pivos/proj/xbmc-16.1-Jarvis/tools/depends/native/cmake-native/x86_64-linux-native/CMakeFiles/CMakeTmp/CheckSymbolExists.c
/home/pivos/proj/xbmc-16.1-Jarvis/tools/depends/native/cmake-native/x86_64-linux-native/CMakeFiles/CMakeTmp/CheckSymbolExists.c: In function ‘main’:
/home/pivos/proj/xbmc-16.1-Jarvis/tools/depends/native/cmake-native/x86_64-linux-native/CMakeFiles/CMakeTmp/CheckSymbolExists.c:8:19: error: ‘EFTYPE’ undeclared (first use in this function)
   return ((int*)(&EFTYPE))[argc];
                   ^
/home/pivos/proj/xbmc-16.1-Jarvis/tools/depends/native/cmake-native/x86_64-linux-native/CMakeFiles/CMakeTmp/CheckSymbolExists.c:8:19: note: each undeclared identifier is reported only once for each function it appears in
make[4]: Leaving directory `/home/pivos/proj/xbmc-16.1-Jarvis/tools/depends/native/cmake-native/x86_64-linux-native/CMakeFiles/CMakeTmp'
make[3]: Leaving directory `/home/pivos/proj/xbmc-16.1-Jarvis/tools/depends/native/cmake-native/x86_64-linux-native/CMakeFiles/CMakeTmp'
make[4]: *** [CMakeFiles/cmTC_24c79.dir/CheckSymbolExists.c.o] Error 1
make[3]: *** [cmTC_24c79/fast] Error 2

File /home/pivos/proj/xbmc-16.1-Jarvis/tools/depends/native/cmake-native/x86_64-linux-native/CMakeFiles/CMakeTmp/CheckSymbolExists.c:
/* */
#include <errno.h>

int main(int argc, char** argv)
{
  (void)argv;
#ifndef EFTYPE
  return ((int*)(&EFTYPE))[argc];
#else
  (void)argc;
  return 0;
#endif
}

Determining if the D_MD_ORDER exist failed with the following output:
Change Dir: /home/pivos/proj/xbmc-16.1-Jarvis/tools/depends/native/cmake-native/x86_64-linux-native/CMakeFiles/CMakeTmp

Run Build Command:"/usr/bin/make" "cmTC_0ef32/fast"
make[3]: Entering directory `/home/pivos/proj/xbmc-16.1-Jarvis/tools/depends/native/cmake-native/x86_64-linux-native/CMakeFiles/CMakeTmp'
make -f CMakeFiles/cmTC_0ef32.dir/build.make CMakeFiles/cmTC_0ef32.dir/build
make[4]: Entering directory `/home/pivos/proj/xbmc-16.1-Jarvis/tools/depends/native/cmake-native/x86_64-linux-native/CMakeFiles/CMakeTmp'
Building C object CMakeFiles/cmTC_0ef32.dir/CheckSymbolExists.c.o
/usr/bin/gcc   -I/home/pivos/xbmc-depends/x86_64-linux-gnu-native/include  -w    -o CMakeFiles/cmTC_0ef32.dir/CheckSymbolExists.c.o   -c /home/pivos/proj/xbmc-16.1-Jarvis/tools/depends/native/cmake-native/x86_64-linux-native/CMakeFiles/CMakeTmp/CheckSymbolExists.c
/home/pivos/proj/xbmc-16.1-Jarvis/tools/depends/native/cmake-native/x86_64-linux-native/CMakeFiles/CMakeTmp/CheckSymbolExists.c: In function ‘main’:
/home/pivos/proj/xbmc-16.1-Jarvis/tools/depends/native/cmake-native/x86_64-linux-native/CMakeFiles/CMakeTmp/CheckSymbolExists.c:8:19: error: ‘D_MD_ORDER’ undeclared (first use in this function)
   return ((int*)(&D_MD_ORDER))[argc];
                   ^
/home/pivos/proj/xbmc-16.1-Jarvis/tools/depends/native/cmake-native/x86_64-linux-native/CMakeFiles/CMakeTmp/CheckSymbolExists.c:8:19: note: each undeclared identifier is reported only once for each function it appears in
make[4]: Leaving directory `/home/pivos/proj/xbmc-16.1-Jarvis/tools/depends/native/cmake-native/x86_64-linux-native/CMakeFiles/CMakeTmp'
make[4]: *** [CMakeFiles/cmTC_0ef32.dir/CheckSymbolExists.c.o] Error 1
make[3]: Leaving directory `/home/pivos/proj/xbmc-16.1-Jarvis/tools/depends/native/cmake-native/x86_64-linux-native/CMakeFiles/CMakeTmp'
make[3]: *** [cmTC_0ef32/fast] Error 2

File /home/pivos/proj/xbmc-16.1-Jarvis/tools/depends/native/cmake-native/x86_64-linux-native/CMakeFiles/CMakeTmp/CheckSymbolExists.c:
/* */
#include <langinfo.h>

int main(int argc, char** argv)
{
  (void)argv;
#ifndef D_MD_ORDER
  return ((int*)(&D_MD_ORDER))[argc];
#else
  (void)argc;
  return 0;
#endif
}

Performing C SOURCE FILE Test HAVE_STRUCT_TM___TM_GMTOFF failed with the following output:
Change Dir: /home/pivos/proj/xbmc-16.1-Jarvis/tools/depends/native/cmake-native/x86_64-linux-native/CMakeFiles/CMakeTmp

Run Build Command:"/usr/bin/make" "cmTC_17856/fast"
make[3]: Entering directory `/home/pivos/proj/xbmc-16.1-Jarvis/tools/depends/native/cmake-native/x86_64-linux-native/CMakeFiles/CMakeTmp'
make -f CMakeFiles/cmTC_17856.dir/build.make CMakeFiles/cmTC_17856.dir/build
make[4]: Entering directory `/home/pivos/proj/xbmc-16.1-Jarvis/tools/depends/native/cmake-native/x86_64-linux-native/CMakeFiles/CMakeTmp'
Building C object CMakeFiles/cmTC_17856.dir/src.c.o
/usr/bin/gcc   -I/home/pivos/xbmc-depends/x86_64-linux-gnu-native/include  -w -DHAVE_STRUCT_TM___TM_GMTOFF   -o CMakeFiles/cmTC_17856.dir/src.c.o   -c /home/pivos/proj/xbmc-16.1-Jarvis/tools/depends/native/cmake-native/x86_64-linux-native/CMakeFiles/CMakeTmp/src.c
/home/pivos/proj/xbmc-16.1-Jarvis/tools/depends/native/cmake-native/x86_64-linux-native/CMakeFiles/CMakeTmp/src.c: In function ‘main’:
/home/pivos/proj/xbmc-16.1-Jarvis/tools/depends/native/cmake-native/x86_64-linux-native/CMakeFiles/CMakeTmp/src.c:7:18: error: ‘struct tm’ has no member named ‘__tm_gmtoff’
    if (sizeof(tmp.__tm_gmtoff))
                  ^
make[4]: Leaving directory `/home/pivos/proj/xbmc-16.1-Jarvis/tools/depends/native/cmake-native/x86_64-linux-native/CMakeFiles/CMakeTmp'
make[4]: *** [CMakeFiles/cmTC_17856.dir/src.c.o] Error 1
make[3]: Leaving directory `/home/pivos/proj/xbmc-16.1-Jarvis/tools/depends/native/cmake-native/x86_64-linux-native/CMakeFiles/CMakeTmp'
make[3]: *** [cmTC_17856/fast] Error 2

Source file was:

#include <time.h>

int main()
{
   static struct tm tmp;
   if (sizeof(tmp.__tm_gmtoff))
      return 0;
  return 0;
}

Performing C SOURCE FILE Test HAVE_STRUCT_STATFS_F_NAMEMAX failed with the following output:
Change Dir: /home/pivos/proj/xbmc-16.1-Jarvis/tools/depends/native/cmake-native/x86_64-linux-native/CMakeFiles/CMakeTmp

Run Build Command:"/usr/bin/make" "cmTC_5e3f9/fast"
make[3]: Entering directory `/home/pivos/proj/xbmc-16.1-Jarvis/tools/depends/native/cmake-native/x86_64-linux-native/CMakeFiles/CMakeTmp'
make -f CMakeFiles/cmTC_5e3f9.dir/build.make CMakeFiles/cmTC_5e3f9.dir/build
make[4]: Entering directory `/home/pivos/proj/xbmc-16.1-Jarvis/tools/depends/native/cmake-native/x86_64-linux-native/CMakeFiles/CMakeTmp'
Building C object CMakeFiles/cmTC_5e3f9.dir/src.c.o
/usr/bin/gcc   -I/home/pivos/xbmc-depends/x86_64-linux-gnu-native/include  -w -DHAVE_STRUCT_STATFS_F_NAMEMAX   -o CMakeFiles/cmTC_5e3f9.dir/src.c.o   -c /home/pivos/proj/xbmc-16.1-Jarvis/tools/depends/native/cmake-native/x86_64-linux-native/CMakeFiles/CMakeTmp/src.c
/home/pivos/proj/xbmc-16.1-Jarvis/tools/depends/native/cmake-native/x86_64-linux-native/CMakeFiles/CMakeTmp/src.c: In function ‘main’:
/home/pivos/proj/xbmc-16.1-Jarvis/tools/depends/native/cmake-native/x86_64-linux-native/CMakeFiles/CMakeTmp/src.c:7:25: error: storage size of ‘tmp’ isn’t known
    static struct statfs tmp;
                         ^
make[4]: Leaving directory `/home/pivos/proj/xbmc-16.1-Jarvis/tools/depends/native/cmake-native/x86_64-linux-native/CMakeFiles/CMakeTmp'
make[4]: *** [CMakeFiles/cmTC_5e3f9.dir/src.c.o] Error 1
make[3]: Leaving directory `/home/pivos/proj/xbmc-16.1-Jarvis/tools/depends/native/cmake-native/x86_64-linux-native/CMakeFiles/CMakeTmp'
make[3]: *** [cmTC_5e3f9/fast] Error 2

Source file was:

#include <sys/param.h>
#include <sys/mount.h>

int main()
{
   static struct statfs tmp;
   if (sizeof(tmp.f_namemax))
      return 0;
  return 0;
}

Performing C SOURCE FILE Test HAVE_STRUCT_STAT_ST_BIRTHTIME failed with the following output:
Change Dir: /home/pivos/proj/xbmc-16.1-Jarvis/tools/depends/native/cmake-native/x86_64-linux-native/CMakeFiles/CMakeTmp

Run Build Command:"/usr/bin/make" "cmTC_4a27b/fast"
make[3]: Entering directory `/home/pivos/proj/xbmc-16.1-Jarvis/tools/depends/native/cmake-native/x86_64-linux-native/CMakeFiles/CMakeTmp'
make -f CMakeFiles/cmTC_4a27b.dir/build.make CMakeFiles/cmTC_4a27b.dir/build
make[4]: Entering directory `/home/pivos/proj/xbmc-16.1-Jarvis/tools/depends/native/cmake-native/x86_64-linux-native/CMakeFiles/CMakeTmp'
Building C object CMakeFiles/cmTC_4a27b.dir/src.c.o
/usr/bin/gcc   -I/home/pivos/xbmc-depends/x86_64-linux-gnu-native/include  -w -DHAVE_STRUCT_STAT_ST_BIRTHTIME   -o CMakeFiles/cmTC_4a27b.dir/src.c.o   -c /home/pivos/proj/xbmc-16.1-Jarvis/tools/depends/native/cmake-native/x86_64-linux-native/CMakeFiles/CMakeTmp/src.c
/home/pivos/proj/xbmc-16.1-Jarvis/tools/depends/native/cmake-native/x86_64-linux-native/CMakeFiles/CMakeTmp/src.c: In function ‘main’:
/home/pivos/proj/xbmc-16.1-Jarvis/tools/depends/native/cmake-native/x86_64-linux-native/CMakeFiles/CMakeTmp/src.c:8:18: error: ‘struct stat’ has no member named ‘st_birthtime’
    if (sizeof(tmp.st_birthtime))
                  ^
make[4]: Leaving directory `/home/pivos/proj/xbmc-16.1-Jarvis/tools/depends/native/cmake-native/x86_64-linux-native/CMakeFiles/CMakeTmp'
make[4]: *** [CMakeFiles/cmTC_4a27b.dir/src.c.o] Error 1
make[3]: Leaving directory `/home/pivos/proj/xbmc-16.1-Jarvis/tools/depends/native/cmake-native/x86_64-linux-native/CMakeFiles/CMakeTmp'
make[3]: *** [cmTC_4a27b/fast] Error 2

Source file was:

#include <sys/types.h>
#include <sys/stat.h>

int main()
{
   static struct stat tmp;
   if (sizeof(tmp.st_birthtime))
      return 0;
  return 0;
}

Performing C SOURCE FILE Test HAVE_STRUCT_STAT_ST_BIRTHTIMESPEC_TV_NSEC failed with the following output:
Change Dir: /home/pivos/proj/xbmc-16.1-Jarvis/tools/depends/native/cmake-native/x86_64-linux-native/CMakeFiles/CMakeTmp

Run Build Command:"/usr/bin/make" "cmTC_b2d27/fast"
make[3]: Entering directory `/home/pivos/proj/xbmc-16.1-Jarvis/tools/depends/native/cmake-native/x86_64-linux-native/CMakeFiles/CMakeTmp'
make -f CMakeFiles/cmTC_b2d27.dir/build.make CMakeFiles/cmTC_b2d27.dir/build
make[4]: Entering directory `/home/pivos/proj/xbmc-16.1-Jarvis/tools/depends/native/cmake-native/x86_64-linux-native/CMakeFiles/CMakeTmp'
Building C object CMakeFiles/cmTC_b2d27.dir/src.c.o
/usr/bin/gcc   -I/home/pivos/xbmc-depends/x86_64-linux-gnu-native/include  -w -DHAVE_STRUCT_STAT_ST_BIRTHTIMESPEC_TV_NSEC   -o CMakeFiles/cmTC_b2d27.dir/src.c.o   -c /home/pivos/proj/xbmc-16.1-Jarvis/tools/depends/native/cmake-native/x86_64-linux-native/CMakeFiles/CMakeTmp/src.c
/home/pivos/proj/xbmc-16.1-Jarvis/tools/depends/native/cmake-native/x86_64-linux-native/CMakeFiles/CMakeTmp/src.c: In function ‘main’:
/home/pivos/proj/xbmc-16.1-Jarvis/tools/depends/native/cmake-native/x86_64-linux-native/CMakeFiles/CMakeTmp/src.c:8:18: error: ‘struct stat’ has no member named ‘st_birthtimespec’
    if (sizeof(tmp.st_birthtimespec.tv_nsec))
                  ^
make[4]: Leaving directory `/home/pivos/proj/xbmc-16.1-Jarvis/tools/depends/native/cmake-native/x86_64-linux-native/CMakeFiles/CMakeTmp'
make[3]: Leaving directory `/home/pivos/proj/xbmc-16.1-Jarvis/tools/depends/native/cmake-native/x86_64-linux-native/CMakeFiles/CMakeTmp'
make[4]: *** [CMakeFiles/cmTC_b2d27.dir/src.c.o] Error 1
make[3]: *** [cmTC_b2d27/fast] Error 2

Source file was:

#include <sys/types.h>
#include <sys/stat.h>

int main()
{
   static struct stat tmp;
   if (sizeof(tmp.st_birthtimespec.tv_nsec))
      return 0;
  return 0;
}

Performing C SOURCE FILE Test HAVE_STRUCT_STAT_ST_MTIMESPEC_TV_NSEC failed with the following output:
Change Dir: /home/pivos/proj/xbmc-16.1-Jarvis/tools/depends/native/cmake-native/x86_64-linux-native/CMakeFiles/CMakeTmp

Run Build Command:"/usr/bin/make" "cmTC_ecc1d/fast"
make[3]: Entering directory `/home/pivos/proj/xbmc-16.1-Jarvis/tools/depends/native/cmake-native/x86_64-linux-native/CMakeFiles/CMakeTmp'
make -f CMakeFiles/cmTC_ecc1d.dir/build.make CMakeFiles/cmTC_ecc1d.dir/build
make[4]: Entering directory `/home/pivos/proj/xbmc-16.1-Jarvis/tools/depends/native/cmake-native/x86_64-linux-native/CMakeFiles/CMakeTmp'
Building C object CMakeFiles/cmTC_ecc1d.dir/src.c.o
/usr/bin/gcc   -I/home/pivos/xbmc-depends/x86_64-linux-gnu-native/include  -w -DHAVE_STRUCT_STAT_ST_MTIMESPEC_TV_NSEC   -o CMakeFiles/cmTC_ecc1d.dir/src.c.o   -c /home/pivos/proj/xbmc-16.1-Jarvis/tools/depends/native/cmake-native/x86_64-linux-native/CMakeFiles/CMakeTmp/src.c
/home/pivos/proj/xbmc-16.1-Jarvis/tools/depends/native/cmake-native/x86_64-linux-native/CMakeFiles/CMakeTmp/src.c: In function ‘main’:
/home/pivos/proj/xbmc-16.1-Jarvis/tools/depends/native/cmake-native/x86_64-linux-native/CMakeFiles/CMakeTmp/src.c:8:18: error: ‘struct stat’ has no member named ‘st_mtimespec’
    if (sizeof(tmp.st_mtimespec.tv_nsec))
                  ^
make[4]: Leaving directory `/home/pivos/proj/xbmc-16.1-Jarvis/tools/depends/native/cmake-native/x86_64-linux-native/CMakeFiles/CMakeTmp'
make[4]: *** [CMakeFiles/cmTC_ecc1d.dir/src.c.o] Error 1
make[3]: Leaving directory `/home/pivos/proj/xbmc-16.1-Jarvis/tools/depends/native/cmake-native/x86_64-linux-native/CMakeFiles/CMakeTmp'
make[3]: *** [cmTC_ecc1d/fast] Error 2

Source file was:

#include <sys/types.h>
#include <sys/stat.h>

int main()
{
   static struct stat tmp;
   if (sizeof(tmp.st_mtimespec.tv_nsec))
      return 0;
  return 0;
}

Performing C SOURCE FILE Test HAVE_STRUCT_STAT_ST_MTIME_N failed with the following output:
Change Dir: /home/pivos/proj/xbmc-16.1-Jarvis/tools/depends/native/cmake-native/x86_64-linux-native/CMakeFiles/CMakeTmp

Run Build Command:"/usr/bin/make" "cmTC_4d679/fast"
make[3]: Entering directory `/home/pivos/proj/xbmc-16.1-Jarvis/tools/depends/native/cmake-native/x86_64-linux-native/CMakeFiles/CMakeTmp'
make -f CMakeFiles/cmTC_4d679.dir/build.make CMakeFiles/cmTC_4d679.dir/build
make[4]: Entering directory `/home/pivos/proj/xbmc-16.1-Jarvis/tools/depends/native/cmake-native/x86_64-linux-native/CMakeFiles/CMakeTmp'
Building C object CMakeFiles/cmTC_4d679.dir/src.c.o
/usr/bin/gcc   -I/home/pivos/xbmc-depends/x86_64-linux-gnu-native/include  -w -DHAVE_STRUCT_STAT_ST_MTIME_N   -o CMakeFiles/cmTC_4d679.dir/src.c.o   -c /home/pivos/proj/xbmc-16.1-Jarvis/tools/depends/native/cmake-native/x86_64-linux-native/CMakeFiles/CMakeTmp/src.c
/home/pivos/proj/xbmc-16.1-Jarvis/tools/depends/native/cmake-native/x86_64-linux-native/CMakeFiles/CMakeTmp/src.c: In function ‘main’:
/home/pivos/proj/xbmc-16.1-Jarvis/tools/depends/native/cmake-native/x86_64-linux-native/CMakeFiles/CMakeTmp/src.c:8:18: error: ‘struct stat’ has no member named ‘st_mtime_n’
    if (sizeof(tmp.st_mtime_n))
                  ^
make[4]: Leaving directory `/home/pivos/proj/xbmc-16.1-Jarvis/tools/depends/native/cmake-native/x86_64-linux-native/CMakeFiles/CMakeTmp'
make[3]: Leaving directory `/home/pivos/proj/xbmc-16.1-Jarvis/tools/depends/native/cmake-native/x86_64-linux-native/CMakeFiles/CMakeTmp'
make[4]: *** [CMakeFiles/cmTC_4d679.dir/src.c.o] Error 1
make[3]: *** [cmTC_4d679/fast] Error 2

Source file was:

#include <sys/types.h>
#include <sys/stat.h>

int main()
{
   static struct stat tmp;
   if (sizeof(tmp.st_mtime_n))
      return 0;
  return 0;
}

Performing C SOURCE FILE Test HAVE_STRUCT_STAT_ST_UMTIME failed with the following output:
Change Dir: /home/pivos/proj/xbmc-16.1-Jarvis/tools/depends/native/cmake-native/x86_64-linux-native/CMakeFiles/CMakeTmp

Run Build Command:"/usr/bin/make" "cmTC_7a44d/fast"
make[3]: Entering directory `/home/pivos/proj/xbmc-16.1-Jarvis/tools/depends/native/cmake-native/x86_64-linux-native/CMakeFiles/CMakeTmp'
make -f CMakeFiles/cmTC_7a44d.dir/build.make CMakeFiles/cmTC_7a44d.dir/build
make[4]: Entering directory `/home/pivos/proj/xbmc-16.1-Jarvis/tools/depends/native/cmake-native/x86_64-linux-native/CMakeFiles/CMakeTmp'
Building C object CMakeFiles/cmTC_7a44d.dir/src.c.o
/usr/bin/gcc   -I/home/pivos/xbmc-depends/x86_64-linux-gnu-native/include  -w -DHAVE_STRUCT_STAT_ST_UMTIME   -o CMakeFiles/cmTC_7a44d.dir/src.c.o   -c /home/pivos/proj/xbmc-16.1-Jarvis/tools/depends/native/cmake-native/x86_64-linux-native/CMakeFiles/CMakeTmp/src.c
/home/pivos/proj/xbmc-16.1-Jarvis/tools/depends/native/cmake-native/x86_64-linux-native/CMakeFiles/CMakeTmp/src.c: In function ‘main’:
/home/pivos/proj/xbmc-16.1-Jarvis/tools/depends/native/cmake-native/x86_64-linux-native/CMakeFiles/CMakeTmp/src.c:8:18: error: ‘struct stat’ has no member named ‘st_umtime’
    if (sizeof(tmp.st_umtime))
                  ^
make[4]: Leaving directory `/home/pivos/proj/xbmc-16.1-Jarvis/tools/depends/native/cmake-native/x86_64-linux-native/CMakeFiles/CMakeTmp'
make[3]: Leaving directory `/home/pivos/proj/xbmc-16.1-Jarvis/tools/depends/native/cmake-native/x86_64-linux-native/CMakeFiles/CMakeTmp'
make[4]: *** [CMakeFiles/cmTC_7a44d.dir/src.c.o] Error 1
make[3]: *** [cmTC_7a44d/fast] Error 2

Source file was:

#include <sys/types.h>
#include <sys/stat.h>

int main()
{
   static struct stat tmp;
   if (sizeof(tmp.st_umtime))
      return 0;
  return 0;
}

Performing C SOURCE FILE Test HAVE_STRUCT_STAT_ST_MTIME_USEC failed with the following output:
Change Dir: /home/pivos/proj/xbmc-16.1-Jarvis/tools/depends/native/cmake-native/x86_64-linux-native/CMakeFiles/CMakeTmp

Run Build Command:"/usr/bin/make" "cmTC_e466c/fast"
make[3]: Entering directory `/home/pivos/proj/xbmc-16.1-Jarvis/tools/depends/native/cmake-native/x86_64-linux-native/CMakeFiles/CMakeTmp'
make -f CMakeFiles/cmTC_e466c.dir/build.make CMakeFiles/cmTC_e466c.dir/build
make[4]: Entering directory `/home/pivos/proj/xbmc-16.1-Jarvis/tools/depends/native/cmake-native/x86_64-linux-native/CMakeFiles/CMakeTmp'
Building C object CMakeFiles/cmTC_e466c.dir/src.c.o
/usr/bin/gcc   -I/home/pivos/xbmc-depends/x86_64-linux-gnu-native/include  -w -DHAVE_STRUCT_STAT_ST_MTIME_USEC   -o CMakeFiles/cmTC_e466c.dir/src.c.o   -c /home/pivos/proj/xbmc-16.1-Jarvis/tools/depends/native/cmake-native/x86_64-linux-native/CMakeFiles/CMakeTmp/src.c
/home/pivos/proj/xbmc-16.1-Jarvis/tools/depends/native/cmake-native/x86_64-linux-native/CMakeFiles/CMakeTmp/src.c: In function ‘main’:
/home/pivos/proj/xbmc-16.1-Jarvis/tools/depends/native/cmake-native/x86_64-linux-native/CMakeFiles/CMakeTmp/src.c:8:18: error: ‘struct stat’ has no member named ‘st_mtime_usec’
    if (sizeof(tmp.st_mtime_usec))
                  ^
make[4]: Leaving directory `/home/pivos/proj/xbmc-16.1-Jarvis/tools/depends/native/cmake-native/x86_64-linux-native/CMakeFiles/CMakeTmp'
make[4]: *** [CMakeFiles/cmTC_e466c.dir/src.c.o] Error 1
make[3]: Leaving directory `/home/pivos/proj/xbmc-16.1-Jarvis/tools/depends/native/cmake-native/x86_64-linux-native/CMakeFiles/CMakeTmp'
make[3]: *** [cmTC_e466c/fast] Error 2

Source file was:

#include <sys/types.h>
#include <sys/stat.h>

int main()
{
   static struct stat tmp;
   if (sizeof(tmp.st_mtime_usec))
      return 0;
  return 0;
}

Performing C SOURCE FILE Test HAVE_STRUCT_STAT_ST_FLAGS failed with the following output:
Change Dir: /home/pivos/proj/xbmc-16.1-Jarvis/tools/depends/native/cmake-native/x86_64-linux-native/CMakeFiles/CMakeTmp

Run Build Command:"/usr/bin/make" "cmTC_811aa/fast"
make[3]: Entering directory `/home/pivos/proj/xbmc-16.1-Jarvis/tools/depends/native/cmake-native/x86_64-linux-native/CMakeFiles/CMakeTmp'
make -f CMakeFiles/cmTC_811aa.dir/build.make CMakeFiles/cmTC_811aa.dir/build
make[4]: Entering directory `/home/pivos/proj/xbmc-16.1-Jarvis/tools/depends/native/cmake-native/x86_64-linux-native/CMakeFiles/CMakeTmp'
Building C object CMakeFiles/cmTC_811aa.dir/src.c.o
/usr/bin/gcc   -I/home/pivos/xbmc-depends/x86_64-linux-gnu-native/include  -w -DHAVE_STRUCT_STAT_ST_FLAGS   -o CMakeFiles/cmTC_811aa.dir/src.c.o   -c /home/pivos/proj/xbmc-16.1-Jarvis/tools/depends/native/cmake-native/x86_64-linux-native/CMakeFiles/CMakeTmp/src.c
/home/pivos/proj/xbmc-16.1-Jarvis/tools/depends/native/cmake-native/x86_64-linux-native/CMakeFiles/CMakeTmp/src.c: In function ‘main’:
/home/pivos/proj/xbmc-16.1-Jarvis/tools/depends/native/cmake-native/x86_64-linux-native/CMakeFiles/CMakeTmp/src.c:8:18: error: ‘struct stat’ has no member named ‘st_flags’
    if (sizeof(tmp.st_flags))
                  ^
make[4]: Leaving directory `/home/pivos/proj/xbmc-16.1-Jarvis/tools/depends/native/cmake-native/x86_64-linux-native/CMakeFiles/CMakeTmp'
make[3]: Leaving directory `/home/pivos/proj/xbmc-16.1-Jarvis/tools/depends/native/cmake-native/x86_64-linux-native/CMakeFiles/CMakeTmp'
make[4]: *** [CMakeFiles/cmTC_811aa.dir/src.c.o] Error 1
make[3]: *** [cmTC_811aa/fast] Error 2

Source file was:

#include <sys/types.h>
#include <sys/stat.h>

int main()
{
   static struct stat tmp;
   if (sizeof(tmp.st_flags))
      return 0;
  return 0;
}

Performing C SOURCE FILE Test HAVE_STRUCT_STATVFS_F_IOSIZE failed with the following output:
Change Dir: /home/pivos/proj/xbmc-16.1-Jarvis/tools/depends/native/cmake-native/x86_64-linux-native/CMakeFiles/CMakeTmp

Run Build Command:"/usr/bin/make" "cmTC_c659b/fast"
make[3]: Entering directory `/home/pivos/proj/xbmc-16.1-Jarvis/tools/depends/native/cmake-native/x86_64-linux-native/CMakeFiles/CMakeTmp'
make -f CMakeFiles/cmTC_c659b.dir/build.make CMakeFiles/cmTC_c659b.dir/build
make[4]: Entering directory `/home/pivos/proj/xbmc-16.1-Jarvis/tools/depends/native/cmake-native/x86_64-linux-native/CMakeFiles/CMakeTmp'
Building C object CMakeFiles/cmTC_c659b.dir/src.c.o
/usr/bin/gcc   -I/home/pivos/xbmc-depends/x86_64-linux-gnu-native/include  -w -DHAVE_STRUCT_STATVFS_F_IOSIZE   -o CMakeFiles/cmTC_c659b.dir/src.c.o   -c /home/pivos/proj/xbmc-16.1-Jarvis/tools/depends/native/cmake-native/x86_64-linux-native/CMakeFiles/CMakeTmp/src.c
/home/pivos/proj/xbmc-16.1-Jarvis/tools/depends/native/cmake-native/x86_64-linux-native/CMakeFiles/CMakeTmp/src.c: In function ‘main’:
/home/pivos/proj/xbmc-16.1-Jarvis/tools/depends/native/cmake-native/x86_64-linux-native/CMakeFiles/CMakeTmp/src.c:8:18: error: ‘struct statvfs’ has no member named ‘f_iosize’
    if (sizeof(tmp.f_iosize))
                  ^
make[4]: Leaving directory `/home/pivos/proj/xbmc-16.1-Jarvis/tools/depends/native/cmake-native/x86_64-linux-native/CMakeFiles/CMakeTmp'
make[3]: Leaving directory `/home/pivos/proj/xbmc-16.1-Jarvis/tools/depends/native/cmake-native/x86_64-linux-native/CMakeFiles/CMakeTmp'
make[4]: *** [CMakeFiles/cmTC_c659b.dir/src.c.o] Error 1
make[3]: *** [cmTC_c659b/fast] Error 2

Source file was:

#include <sys/types.h>
#include <sys/statvfs.h>

int main()
{
   static struct statvfs tmp;
   if (sizeof(tmp.f_iosize))
      return 0;
  return 0;
}

Determining if the system is big endian passed with the following output:
Change Dir: /home/pivos/proj/xbmc-16.1-Jarvis/tools/depends/native/cmake-native/x86_64-linux-native/CMakeFiles/CMakeTmp

Run Build Command:"/usr/bin/make" "cmTC_fbb5f/fast"
make[3]: Entering directory `/home/pivos/proj/xbmc-16.1-Jarvis/tools/depends/native/cmake-native/x86_64-linux-native/CMakeFiles/CMakeTmp'
make -f CMakeFiles/cmTC_fbb5f.dir/build.make CMakeFiles/cmTC_fbb5f.dir/build
make[4]: Entering directory `/home/pivos/proj/xbmc-16.1-Jarvis/tools/depends/native/cmake-native/x86_64-linux-native/CMakeFiles/CMakeTmp'
Building C object CMakeFiles/cmTC_fbb5f.dir/TestEndianess.c.o
/usr/bin/gcc   -I/home/pivos/xbmc-depends/x86_64-linux-gnu-native/include     -o CMakeFiles/cmTC_fbb5f.dir/TestEndianess.c.o   -c /home/pivos/proj/xbmc-16.1-Jarvis/tools/depends/native/cmake-native/x86_64-linux-native/CMakeFiles/CMakeTmp/TestEndianess.c
Linking C executable cmTC_fbb5f
/home/pivos/proj/xbmc-16.1-Jarvis/tools/depends/native/cmake-native/x86_64-linux-native/Bootstrap.cmk/cmake -E cmake_link_script CMakeFiles/cmTC_fbb5f.dir/link.txt --verbose=1
/usr/bin/gcc  -I/home/pivos/xbmc-depends/x86_64-linux-gnu-native/include     -L/home/pivos/xbmc-depends/x86_64-linux-gnu-native/lib  CMakeFiles/cmTC_fbb5f.dir/TestEndianess.c.o  -o cmTC_fbb5f -rdynamic 
make[4]: Leaving directory `/home/pivos/proj/xbmc-16.1-Jarvis/tools/depends/native/cmake-native/x86_64-linux-native/CMakeFiles/CMakeTmp'
make[3]: Leaving directory `/home/pivos/proj/xbmc-16.1-Jarvis/tools/depends/native/cmake-native/x86_64-linux-native/CMakeFiles/CMakeTmp'

TestEndianess.c:
/* A 16 bit integer is required. */
typedef unsigned short cmakeint16;

/* On a little endian machine, these 16bit ints will give "THIS IS LITTLE ENDIAN."
   On a big endian machine the characters will be exchanged pairwise. */
const cmakeint16 info_little[] =  {0x4854, 0x5349, 0x4920, 0x2053, 0x494c, 0x5454, 0x454c, 0x4520, 0x444e, 0x4149, 0x2e4e, 0x0000};

/* on a big endian machine, these 16bit ints will give "THIS IS BIG ENDIAN."
   On a little endian machine the characters will be exchanged pairwise. */
const cmakeint16 info_big[] =     {0x5448, 0x4953, 0x2049, 0x5320, 0x4249, 0x4720, 0x454e, 0x4449, 0x414e, 0x2e2e, 0x0000};

#ifdef __CLASSIC_C__
int main(argc, argv) int argc; char *argv[];
#else
int main(int argc, char *argv[])
#endif
{
  int require = 0;
  require += info_little[argc];
  require += info_big[argc];
  (void)argv;
  return require;
}


Looking for a Fortran compiler failed with the following output:
-- The Fortran compiler identification is unknown
CMake Error at CMakeLists.txt:2 (project):
  No CMAKE_Fortran_COMPILER could be found.

  Tell CMake where to find the compiler by setting either the environment
  variable "FC" or the CMake cache entry CMAKE_Fortran_COMPILER to the full
  path to the compiler, or to the compiler name if it is in the PATH.


-- Configuring incomplete, errors occurred!
See also "/home/pivos/proj/xbmc-16.1-Jarvis/tools/depends/native/cmake-native/x86_64-linux-native/Tests/CMakeFiles/CheckFortran/CMakeFiles/CMakeOutput.log".
See also "/home/pivos/proj/xbmc-16.1-Jarvis/tools/depends/native/cmake-native/x86_64-linux-native/Tests/CMakeFiles/CheckFortran/CMakeFiles/CMakeError.log".

